#2.0#2021 12 10 16:41:30.117#Z#DEBUG#com.sap.cloud.lm.sl.xs2.e56d780e-59d7-11ec-831e-eeee0a80066a.db.stageAppTask#
######org.cloudfoundry.multiapps.controller.persistence.services.ProcessLogger########flowable-async-job-executor-thread-29606###
[PollStageAppStatusExecution] [db] 6406cd01-4087-46ec-bfec-32333c2b7c70 [Fri Dec 10 16:40:44 UTC 2021] Updated app with guid 6406cd01-4087-46ec-bfec-32333c2b7c70 ({"lifecycle"=>{"data"=>{}, "type"=>"buildpack"}}) (STDOUT, API)#

#2.0#2021 12 10 16:41:30.117#Z#DEBUG#com.sap.cloud.lm.sl.xs2.e56d780e-59d7-11ec-831e-eeee0a80066a.db.stageAppTask#
######org.cloudfoundry.multiapps.controller.persistence.services.ProcessLogger########flowable-async-job-executor-thread-29606###
[PollStageAppStatusExecution] [db] 6406cd01-4087-46ec-bfec-32333c2b7c70 [Fri Dec 10 16:40:45 UTC 2021] Updating process: "web" (STDOUT, API)#

#2.0#2021 12 10 16:41:30.117#Z#DEBUG#com.sap.cloud.lm.sl.xs2.e56d780e-59d7-11ec-831e-eeee0a80066a.db.stageAppTask#
######org.cloudfoundry.multiapps.controller.persistence.services.ProcessLogger########flowable-async-job-executor-thread-29606###
[PollStageAppStatusExecution] [db] 6406cd01-4087-46ec-bfec-32333c2b7c70 [Fri Dec 10 16:40:45 UTC 2021] Updated app with guid 6406cd01-4087-46ec-bfec-32333c2b7c70 ({"environment_variables"=>"[PRIVATE DATA HIDDEN]"}) (STDOUT, API)#

#2.0#2021 12 10 16:41:30.117#Z#DEBUG#com.sap.cloud.lm.sl.xs2.e56d780e-59d7-11ec-831e-eeee0a80066a.db.stageAppTask#
######org.cloudfoundry.multiapps.controller.persistence.services.ProcessLogger########flowable-async-job-executor-thread-29606###
[PollStageAppStatusExecution] [db] 6406cd01-4087-46ec-bfec-32333c2b7c70 [Fri Dec 10 16:40:59 UTC 2021] Updated app with guid 6406cd01-4087-46ec-bfec-32333c2b7c70 ({"metadata"=>{"annotations"=>{"mta_id"=>"rights_in_hdi", "mta_version"=>"0.0.1", "mta_module"=>"{\"name\":\"db\"}", "mta_module_provided_dependencies"=>"[]", "mta_bound_services"=>"[\"hdi_db\"]"}, "labels"=>{"mta_id"=>"3816d8cc4b24be0131c0078d7b84034a"}}}) (STDOUT, API)#

#2.0#2021 12 10 16:41:30.117#Z#DEBUG#com.sap.cloud.lm.sl.xs2.e56d780e-59d7-11ec-831e-eeee0a80066a.db.stageAppTask#
######org.cloudfoundry.multiapps.controller.persistence.services.ProcessLogger########flowable-async-job-executor-thread-29606###
[PollStageAppStatusExecution] [db] 6406cd01-4087-46ec-bfec-32333c2b7c70 [Fri Dec 10 16:41:08 UTC 2021] Uploading app package for app with guid 6406cd01-4087-46ec-bfec-32333c2b7c70 (STDOUT, API)#

#2.0#2021 12 10 16:41:30.117#Z#DEBUG#com.sap.cloud.lm.sl.xs2.e56d780e-59d7-11ec-831e-eeee0a80066a.db.stageAppTask#
######org.cloudfoundry.multiapps.controller.persistence.services.ProcessLogger########flowable-async-job-executor-thread-29606###
[PollStageAppStatusExecution] [db] 6406cd01-4087-46ec-bfec-32333c2b7c70 [Fri Dec 10 16:41:09 UTC 2021] Updated app with guid 6406cd01-4087-46ec-bfec-32333c2b7c70 ({"environment_variables"=>"[PRIVATE DATA HIDDEN]"}) (STDOUT, API)#

#2.0#2021 12 10 16:41:30.117#Z#DEBUG#com.sap.cloud.lm.sl.xs2.e56d780e-59d7-11ec-831e-eeee0a80066a.db.stageAppTask#
######org.cloudfoundry.multiapps.controller.persistence.services.ProcessLogger########flowable-async-job-executor-thread-29606###
[PollStageAppStatusExecution] [db] 6406cd01-4087-46ec-bfec-32333c2b7c70 [Fri Dec 10 16:41:20 UTC 2021] Creating build for app with guid 6406cd01-4087-46ec-bfec-32333c2b7c70 (STDOUT, API)#

#2.0#2021 12 10 16:41:30.117#Z#DEBUG#com.sap.cloud.lm.sl.xs2.e56d780e-59d7-11ec-831e-eeee0a80066a.db.stageAppTask#
######org.cloudfoundry.multiapps.controller.persistence.services.ProcessLogger########flowable-async-job-executor-thread-29606###
[PollStageAppStatusExecution] [db] 6406cd01-4087-46ec-bfec-32333c2b7c70 [Fri Dec 10 16:41:21 UTC 2021] Downloading ruby_buildpack... (STDOUT, STG)#

#2.0#2021 12 10 16:41:30.117#Z#DEBUG#com.sap.cloud.lm.sl.xs2.e56d780e-59d7-11ec-831e-eeee0a80066a.db.stageAppTask#
######org.cloudfoundry.multiapps.controller.persistence.services.ProcessLogger########flowable-async-job-executor-thread-29606###
[PollStageAppStatusExecution] [db] 6406cd01-4087-46ec-bfec-32333c2b7c70 [Fri Dec 10 16:41:21 UTC 2021] Downloading r_buildpack... (STDOUT, STG)#

#2.0#2021 12 10 16:41:30.117#Z#DEBUG#com.sap.cloud.lm.sl.xs2.e56d780e-59d7-11ec-831e-eeee0a80066a.db.stageAppTask#
######org.cloudfoundry.multiapps.controller.persistence.services.ProcessLogger########flowable-async-job-executor-thread-29606###
[PollStageAppStatusExecution] [db] 6406cd01-4087-46ec-bfec-32333c2b7c70 [Fri Dec 10 16:41:21 UTC 2021] Downloading nginx_buildpack... (STDOUT, STG)#

#2.0#2021 12 10 16:41:30.117#Z#DEBUG#com.sap.cloud.lm.sl.xs2.e56d780e-59d7-11ec-831e-eeee0a80066a.db.stageAppTask#
######org.cloudfoundry.multiapps.controller.persistence.services.ProcessLogger########flowable-async-job-executor-thread-29606###
[PollStageAppStatusExecution] [db] 6406cd01-4087-46ec-bfec-32333c2b7c70 [Fri Dec 10 16:41:21 UTC 2021] Downloading nodejs_buildpack_migrate... (STDOUT, STG)#

#2.0#2021 12 10 16:41:30.117#Z#DEBUG#com.sap.cloud.lm.sl.xs2.e56d780e-59d7-11ec-831e-eeee0a80066a.db.stageAppTask#
######org.cloudfoundry.multiapps.controller.persistence.services.ProcessLogger########flowable-async-job-executor-thread-29606###
[PollStageAppStatusExecution] [db] 6406cd01-4087-46ec-bfec-32333c2b7c70 [Fri Dec 10 16:41:21 UTC 2021] Downloading java_buildpack... (STDOUT, STG)#

#2.0#2021 12 10 16:41:30.117#Z#DEBUG#com.sap.cloud.lm.sl.xs2.e56d780e-59d7-11ec-831e-eeee0a80066a.db.stageAppTask#
######org.cloudfoundry.multiapps.controller.persistence.services.ProcessLogger########flowable-async-job-executor-thread-29606###
[PollStageAppStatusExecution] [db] 6406cd01-4087-46ec-bfec-32333c2b7c70 [Fri Dec 10 16:41:21 UTC 2021] Downloading sap_java_buildpack_1_42... (STDOUT, STG)#

#2.0#2021 12 10 16:41:30.118#Z#DEBUG#com.sap.cloud.lm.sl.xs2.e56d780e-59d7-11ec-831e-eeee0a80066a.db.stageAppTask#
######org.cloudfoundry.multiapps.controller.persistence.services.ProcessLogger########flowable-async-job-executor-thread-29606###
[PollStageAppStatusExecution] [db] 6406cd01-4087-46ec-bfec-32333c2b7c70 [Fri Dec 10 16:41:21 UTC 2021] Downloaded r_buildpack (STDOUT, STG)#

#2.0#2021 12 10 16:41:30.118#Z#DEBUG#com.sap.cloud.lm.sl.xs2.e56d780e-59d7-11ec-831e-eeee0a80066a.db.stageAppTask#
######org.cloudfoundry.multiapps.controller.persistence.services.ProcessLogger########flowable-async-job-executor-thread-29606###
[PollStageAppStatusExecution] [db] 6406cd01-4087-46ec-bfec-32333c2b7c70 [Fri Dec 10 16:41:21 UTC 2021] Downloading sap_java_buildpack... (STDOUT, STG)#

#2.0#2021 12 10 16:41:30.118#Z#DEBUG#com.sap.cloud.lm.sl.xs2.e56d780e-59d7-11ec-831e-eeee0a80066a.db.stageAppTask#
######org.cloudfoundry.multiapps.controller.persistence.services.ProcessLogger########flowable-async-job-executor-thread-29606###
[PollStageAppStatusExecution] [db] 6406cd01-4087-46ec-bfec-32333c2b7c70 [Fri Dec 10 16:41:21 UTC 2021] Downloading binary_buildpack... (STDOUT, STG)#

#2.0#2021 12 10 16:41:30.118#Z#DEBUG#com.sap.cloud.lm.sl.xs2.e56d780e-59d7-11ec-831e-eeee0a80066a.db.stageAppTask#
######org.cloudfoundry.multiapps.controller.persistence.services.ProcessLogger########flowable-async-job-executor-thread-29606###
[PollStageAppStatusExecution] [db] 6406cd01-4087-46ec-bfec-32333c2b7c70 [Fri Dec 10 16:41:21 UTC 2021] Downloaded nodejs_buildpack_migrate (STDOUT, STG)#

#2.0#2021 12 10 16:41:30.118#Z#DEBUG#com.sap.cloud.lm.sl.xs2.e56d780e-59d7-11ec-831e-eeee0a80066a.db.stageAppTask#
######org.cloudfoundry.multiapps.controller.persistence.services.ProcessLogger########flowable-async-job-executor-thread-29606###
[PollStageAppStatusExecution] [db] 6406cd01-4087-46ec-bfec-32333c2b7c70 [Fri Dec 10 16:41:21 UTC 2021] Downloaded ruby_buildpack (STDOUT, STG)#

#2.0#2021 12 10 16:41:30.118#Z#DEBUG#com.sap.cloud.lm.sl.xs2.e56d780e-59d7-11ec-831e-eeee0a80066a.db.stageAppTask#
######org.cloudfoundry.multiapps.controller.persistence.services.ProcessLogger########flowable-async-job-executor-thread-29606###
[PollStageAppStatusExecution] [db] 6406cd01-4087-46ec-bfec-32333c2b7c70 [Fri Dec 10 16:41:21 UTC 2021] Downloaded nginx_buildpack (STDOUT, STG)#

#2.0#2021 12 10 16:41:30.118#Z#DEBUG#com.sap.cloud.lm.sl.xs2.e56d780e-59d7-11ec-831e-eeee0a80066a.db.stageAppTask#
######org.cloudfoundry.multiapps.controller.persistence.services.ProcessLogger########flowable-async-job-executor-thread-29606###
[PollStageAppStatusExecution] [db] 6406cd01-4087-46ec-bfec-32333c2b7c70 [Fri Dec 10 16:41:21 UTC 2021] Downloaded sap_java_buildpack_1_42 (STDOUT, STG)#

#2.0#2021 12 10 16:41:30.118#Z#DEBUG#com.sap.cloud.lm.sl.xs2.e56d780e-59d7-11ec-831e-eeee0a80066a.db.stageAppTask#
######org.cloudfoundry.multiapps.controller.persistence.services.ProcessLogger########flowable-async-job-executor-thread-29606###
[PollStageAppStatusExecution] [db] 6406cd01-4087-46ec-bfec-32333c2b7c70 [Fri Dec 10 16:41:21 UTC 2021] Downloaded java_buildpack (STDOUT, STG)#

#2.0#2021 12 10 16:41:30.118#Z#DEBUG#com.sap.cloud.lm.sl.xs2.e56d780e-59d7-11ec-831e-eeee0a80066a.db.stageAppTask#
######org.cloudfoundry.multiapps.controller.persistence.services.ProcessLogger########flowable-async-job-executor-thread-29606###
[PollStageAppStatusExecution] [db] 6406cd01-4087-46ec-bfec-32333c2b7c70 [Fri Dec 10 16:41:21 UTC 2021] Downloading sap_java_buildpack_1_41... (STDOUT, STG)#

#2.0#2021 12 10 16:41:30.118#Z#DEBUG#com.sap.cloud.lm.sl.xs2.e56d780e-59d7-11ec-831e-eeee0a80066a.db.stageAppTask#
######org.cloudfoundry.multiapps.controller.persistence.services.ProcessLogger########flowable-async-job-executor-thread-29606###
[PollStageAppStatusExecution] [db] 6406cd01-4087-46ec-bfec-32333c2b7c70 [Fri Dec 10 16:41:21 UTC 2021] Downloading sap_java_buildpack_1_43... (STDOUT, STG)#

#2.0#2021 12 10 16:41:30.118#Z#DEBUG#com.sap.cloud.lm.sl.xs2.e56d780e-59d7-11ec-831e-eeee0a80066a.db.stageAppTask#
######org.cloudfoundry.multiapps.controller.persistence.services.ProcessLogger########flowable-async-job-executor-thread-29606###
[PollStageAppStatusExecution] [db] 6406cd01-4087-46ec-bfec-32333c2b7c70 [Fri Dec 10 16:41:21 UTC 2021] Downloading go_buildpack... (STDOUT, STG)#

#2.0#2021 12 10 16:41:30.118#Z#DEBUG#com.sap.cloud.lm.sl.xs2.e56d780e-59d7-11ec-831e-eeee0a80066a.db.stageAppTask#
######org.cloudfoundry.multiapps.controller.persistence.services.ProcessLogger########flowable-async-job-executor-thread-29606###
[PollStageAppStatusExecution] [db] 6406cd01-4087-46ec-bfec-32333c2b7c70 [Fri Dec 10 16:41:21 UTC 2021] Downloading dotnet_core_buildpack... (STDOUT, STG)#

#2.0#2021 12 10 16:41:30.118#Z#DEBUG#com.sap.cloud.lm.sl.xs2.e56d780e-59d7-11ec-831e-eeee0a80066a.db.stageAppTask#
######org.cloudfoundry.multiapps.controller.persistence.services.ProcessLogger########flowable-async-job-executor-thread-29606###
[PollStageAppStatusExecution] [db] 6406cd01-4087-46ec-bfec-32333c2b7c70 [Fri Dec 10 16:41:21 UTC 2021] Downloaded binary_buildpack (STDOUT, STG)#

#2.0#2021 12 10 16:41:30.118#Z#DEBUG#com.sap.cloud.lm.sl.xs2.e56d780e-59d7-11ec-831e-eeee0a80066a.db.stageAppTask#
######org.cloudfoundry.multiapps.controller.persistence.services.ProcessLogger########flowable-async-job-executor-thread-29606###
[PollStageAppStatusExecution] [db] 6406cd01-4087-46ec-bfec-32333c2b7c70 [Fri Dec 10 16:41:21 UTC 2021] Downloading nodejs_buildpack... (STDOUT, STG)#

#2.0#2021 12 10 16:41:30.118#Z#DEBUG#com.sap.cloud.lm.sl.xs2.e56d780e-59d7-11ec-831e-eeee0a80066a.db.stageAppTask#
######org.cloudfoundry.multiapps.controller.persistence.services.ProcessLogger########flowable-async-job-executor-thread-29606###
[PollStageAppStatusExecution] [db] 6406cd01-4087-46ec-bfec-32333c2b7c70 [Fri Dec 10 16:41:21 UTC 2021] Downloaded sap_java_buildpack (STDOUT, STG)#

#2.0#2021 12 10 16:41:30.118#Z#DEBUG#com.sap.cloud.lm.sl.xs2.e56d780e-59d7-11ec-831e-eeee0a80066a.db.stageAppTask#
######org.cloudfoundry.multiapps.controller.persistence.services.ProcessLogger########flowable-async-job-executor-thread-29606###
[PollStageAppStatusExecution] [db] 6406cd01-4087-46ec-bfec-32333c2b7c70 [Fri Dec 10 16:41:21 UTC 2021] Downloaded sap_java_buildpack_1_41 (STDOUT, STG)#

#2.0#2021 12 10 16:41:30.118#Z#DEBUG#com.sap.cloud.lm.sl.xs2.e56d780e-59d7-11ec-831e-eeee0a80066a.db.stageAppTask#
######org.cloudfoundry.multiapps.controller.persistence.services.ProcessLogger########flowable-async-job-executor-thread-29606###
[PollStageAppStatusExecution] [db] 6406cd01-4087-46ec-bfec-32333c2b7c70 [Fri Dec 10 16:41:21 UTC 2021] Downloading python_buildpack... (STDOUT, STG)#

#2.0#2021 12 10 16:41:30.118#Z#DEBUG#com.sap.cloud.lm.sl.xs2.e56d780e-59d7-11ec-831e-eeee0a80066a.db.stageAppTask#
######org.cloudfoundry.multiapps.controller.persistence.services.ProcessLogger########flowable-async-job-executor-thread-29606###
[PollStageAppStatusExecution] [db] 6406cd01-4087-46ec-bfec-32333c2b7c70 [Fri Dec 10 16:41:21 UTC 2021] Downloading php_buildpack... (STDOUT, STG)#

#2.0#2021 12 10 16:41:30.118#Z#DEBUG#com.sap.cloud.lm.sl.xs2.e56d780e-59d7-11ec-831e-eeee0a80066a.db.stageAppTask#
######org.cloudfoundry.multiapps.controller.persistence.services.ProcessLogger########flowable-async-job-executor-thread-29606###
[PollStageAppStatusExecution] [db] 6406cd01-4087-46ec-bfec-32333c2b7c70 [Fri Dec 10 16:41:21 UTC 2021] Downloaded sap_java_buildpack_1_43 (STDOUT, STG)#

#2.0#2021 12 10 16:41:30.118#Z#DEBUG#com.sap.cloud.lm.sl.xs2.e56d780e-59d7-11ec-831e-eeee0a80066a.db.stageAppTask#
######org.cloudfoundry.multiapps.controller.persistence.services.ProcessLogger########flowable-async-job-executor-thread-29606###
[PollStageAppStatusExecution] [db] 6406cd01-4087-46ec-bfec-32333c2b7c70 [Fri Dec 10 16:41:21 UTC 2021] Downloaded dotnet_core_buildpack (STDOUT, STG)#

#2.0#2021 12 10 16:41:30.118#Z#DEBUG#com.sap.cloud.lm.sl.xs2.e56d780e-59d7-11ec-831e-eeee0a80066a.db.stageAppTask#
######org.cloudfoundry.multiapps.controller.persistence.services.ProcessLogger########flowable-async-job-executor-thread-29606###
[PollStageAppStatusExecution] [db] 6406cd01-4087-46ec-bfec-32333c2b7c70 [Fri Dec 10 16:41:21 UTC 2021] Downloading staticfile_buildpack... (STDOUT, STG)#

#2.0#2021 12 10 16:41:30.118#Z#DEBUG#com.sap.cloud.lm.sl.xs2.e56d780e-59d7-11ec-831e-eeee0a80066a.db.stageAppTask#
######org.cloudfoundry.multiapps.controller.persistence.services.ProcessLogger########flowable-async-job-executor-thread-29606###
[PollStageAppStatusExecution] [db] 6406cd01-4087-46ec-bfec-32333c2b7c70 [Fri Dec 10 16:41:21 UTC 2021] Downloaded nodejs_buildpack (STDOUT, STG)#

#2.0#2021 12 10 16:41:30.118#Z#DEBUG#com.sap.cloud.lm.sl.xs2.e56d780e-59d7-11ec-831e-eeee0a80066a.db.stageAppTask#
######org.cloudfoundry.multiapps.controller.persistence.services.ProcessLogger########flowable-async-job-executor-thread-29606###
[PollStageAppStatusExecution] [db] 6406cd01-4087-46ec-bfec-32333c2b7c70 [Fri Dec 10 16:41:21 UTC 2021] Downloaded php_buildpack (STDOUT, STG)#

#2.0#2021 12 10 16:41:30.118#Z#DEBUG#com.sap.cloud.lm.sl.xs2.e56d780e-59d7-11ec-831e-eeee0a80066a.db.stageAppTask#
######org.cloudfoundry.multiapps.controller.persistence.services.ProcessLogger########flowable-async-job-executor-thread-29606###
[PollStageAppStatusExecution] [db] 6406cd01-4087-46ec-bfec-32333c2b7c70 [Fri Dec 10 16:41:21 UTC 2021] Downloaded python_buildpack (STDOUT, STG)#

#2.0#2021 12 10 16:41:30.118#Z#DEBUG#com.sap.cloud.lm.sl.xs2.e56d780e-59d7-11ec-831e-eeee0a80066a.db.stageAppTask#
######org.cloudfoundry.multiapps.controller.persistence.services.ProcessLogger########flowable-async-job-executor-thread-29606###
[PollStageAppStatusExecution] [db] 6406cd01-4087-46ec-bfec-32333c2b7c70 [Fri Dec 10 16:41:21 UTC 2021] Downloaded staticfile_buildpack (STDOUT, STG)#

#2.0#2021 12 10 16:41:30.119#Z#DEBUG#com.sap.cloud.lm.sl.xs2.e56d780e-59d7-11ec-831e-eeee0a80066a.db.stageAppTask#
######org.cloudfoundry.multiapps.controller.persistence.services.ProcessLogger########flowable-async-job-executor-thread-29606###
[PollStageAppStatusExecution] [db] 6406cd01-4087-46ec-bfec-32333c2b7c70 [Fri Dec 10 16:41:22 UTC 2021] Cell 86d85d86-7c61-473b-b28f-b81b25a7f3d1 creating container for instance 9dc35957-f611-44a6-8755-537d34be63cf (STDOUT, STG)#

#2.0#2021 12 10 16:41:30.119#Z#DEBUG#com.sap.cloud.lm.sl.xs2.e56d780e-59d7-11ec-831e-eeee0a80066a.db.stageAppTask#
######org.cloudfoundry.multiapps.controller.persistence.services.ProcessLogger########flowable-async-job-executor-thread-29606###
[PollStageAppStatusExecution] [db] 6406cd01-4087-46ec-bfec-32333c2b7c70 [Fri Dec 10 16:41:22 UTC 2021] Downloaded go_buildpack (STDOUT, STG)#

#2.0#2021 12 10 16:41:30.119#Z#DEBUG#com.sap.cloud.lm.sl.xs2.e56d780e-59d7-11ec-831e-eeee0a80066a.db.stageAppTask#
######org.cloudfoundry.multiapps.controller.persistence.services.ProcessLogger########flowable-async-job-executor-thread-29606###
[PollStageAppStatusExecution] [db] 6406cd01-4087-46ec-bfec-32333c2b7c70 [Fri Dec 10 16:41:23 UTC 2021] Cell 86d85d86-7c61-473b-b28f-b81b25a7f3d1 successfully created container for instance 9dc35957-f611-44a6-8755-537d34be63cf (STDOUT, STG)#

#2.0#2021 12 10 16:41:30.119#Z#DEBUG#com.sap.cloud.lm.sl.xs2.e56d780e-59d7-11ec-831e-eeee0a80066a.db.stageAppTask#
######org.cloudfoundry.multiapps.controller.persistence.services.ProcessLogger########flowable-async-job-executor-thread-29606###
[PollStageAppStatusExecution] [db] 6406cd01-4087-46ec-bfec-32333c2b7c70 [Fri Dec 10 16:41:23 UTC 2021] Downloading app package... (STDOUT, STG)#

#2.0#2021 12 10 16:41:30.119#Z#DEBUG#com.sap.cloud.lm.sl.xs2.e56d780e-59d7-11ec-831e-eeee0a80066a.db.stageAppTask#
######org.cloudfoundry.multiapps.controller.persistence.services.ProcessLogger########flowable-async-job-executor-thread-29606###
[PollStageAppStatusExecution] [db] 6406cd01-4087-46ec-bfec-32333c2b7c70 [Fri Dec 10 16:41:23 UTC 2021] Downloading build artifacts cache... (STDOUT, STG)#

#2.0#2021 12 10 16:41:30.119#Z#DEBUG#com.sap.cloud.lm.sl.xs2.e56d780e-59d7-11ec-831e-eeee0a80066a.db.stageAppTask#
######org.cloudfoundry.multiapps.controller.persistence.services.ProcessLogger########flowable-async-job-executor-thread-29606###
[PollStageAppStatusExecution] [db] 6406cd01-4087-46ec-bfec-32333c2b7c70 [Fri Dec 10 16:41:23 UTC 2021] Downloaded build artifacts cache (225B) (STDOUT, STG)#

#2.0#2021 12 10 16:41:30.119#Z#DEBUG#com.sap.cloud.lm.sl.xs2.e56d780e-59d7-11ec-831e-eeee0a80066a.db.stageAppTask#
######org.cloudfoundry.multiapps.controller.persistence.services.ProcessLogger########flowable-async-job-executor-thread-29606###
[PollStageAppStatusExecution] [db] 6406cd01-4087-46ec-bfec-32333c2b7c70 [Fri Dec 10 16:41:26 UTC 2021] Downloaded app package (46.5M) (STDOUT, STG)#

#2.0#2021 12 10 16:41:30.119#Z#DEBUG#com.sap.cloud.lm.sl.xs2.e56d780e-59d7-11ec-831e-eeee0a80066a.db.stageAppTask#
######org.cloudfoundry.multiapps.controller.persistence.services.ProcessLogger########flowable-async-job-executor-thread-29606###
[PollStageAppStatusExecution] [db] 6406cd01-4087-46ec-bfec-32333c2b7c70 [Fri Dec 10 16:41:27 UTC 2021]        [31;1m**WARNING**[0m buildpack version changed from 1.7.62 to 1.7.63 (STDOUT, STG)#

#2.0#2021 12 10 16:41:30.119#Z#DEBUG#com.sap.cloud.lm.sl.xs2.e56d780e-59d7-11ec-831e-eeee0a80066a.db.stageAppTask#
######org.cloudfoundry.multiapps.controller.persistence.services.ProcessLogger########flowable-async-job-executor-thread-29606###
[PollStageAppStatusExecution] [db] 6406cd01-4087-46ec-bfec-32333c2b7c70 [Fri Dec 10 16:41:27 UTC 2021] -----> Nodejs Buildpack version 1.7.63 (STDOUT, STG)#

#2.0#2021 12 10 16:41:30.119#Z#DEBUG#com.sap.cloud.lm.sl.xs2.e56d780e-59d7-11ec-831e-eeee0a80066a.db.stageAppTask#
######org.cloudfoundry.multiapps.controller.persistence.services.ProcessLogger########flowable-async-job-executor-thread-29606###
[PollStageAppStatusExecution] [db] 6406cd01-4087-46ec-bfec-32333c2b7c70 [Fri Dec 10 16:41:27 UTC 2021]        Copy [/tmp/buildpacks/8682bb6a0bb597eac0658bcb18ff95b7/dependencies/b1672274bee4660a04596e3593464719/node_16.11.1_linux_x64_cflinuxfs3_beefe428.tgz] (STDOUT, STG)#

#2.0#2021 12 10 16:41:30.119#Z#DEBUG#com.sap.cloud.lm.sl.xs2.e56d780e-59d7-11ec-831e-eeee0a80066a.db.stageAppTask#
######org.cloudfoundry.multiapps.controller.persistence.services.ProcessLogger########flowable-async-job-executor-thread-29606###
[PollStageAppStatusExecution] [db] 6406cd01-4087-46ec-bfec-32333c2b7c70 [Fri Dec 10 16:41:27 UTC 2021] -----> Installing node 16.11.1 (STDOUT, STG)#

#2.0#2021 12 10 16:41:30.119#Z#DEBUG#com.sap.cloud.lm.sl.xs2.e56d780e-59d7-11ec-831e-eeee0a80066a.db.stageAppTask#
######org.cloudfoundry.multiapps.controller.persistence.services.ProcessLogger########flowable-async-job-executor-thread-29606###
[PollStageAppStatusExecution] [db] 6406cd01-4087-46ec-bfec-32333c2b7c70 [Fri Dec 10 16:41:27 UTC 2021]        [31;1m**WARNING**[0m Node version not specified in package.json or .nvmrc. See: http://docs.cloudfoundry.org/buildpacks/node/node-tips.html (STDOUT, STG)#

#2.0#2021 12 10 16:41:30.119#Z#DEBUG#com.sap.cloud.lm.sl.xs2.e56d780e-59d7-11ec-831e-eeee0a80066a.db.stageAppTask#
######org.cloudfoundry.multiapps.controller.persistence.services.ProcessLogger########flowable-async-job-executor-thread-29606###
[PollStageAppStatusExecution] [db] 6406cd01-4087-46ec-bfec-32333c2b7c70 [Fri Dec 10 16:41:27 UTC 2021]        engines.npm (package.json): unspecified (use default) (STDOUT, STG)#

#2.0#2021 12 10 16:41:30.119#Z#DEBUG#com.sap.cloud.lm.sl.xs2.e56d780e-59d7-11ec-831e-eeee0a80066a.db.stageAppTask#
######org.cloudfoundry.multiapps.controller.persistence.services.ProcessLogger########flowable-async-job-executor-thread-29606###
[PollStageAppStatusExecution] [db] 6406cd01-4087-46ec-bfec-32333c2b7c70 [Fri Dec 10 16:41:27 UTC 2021]        engines.node (package.json): unspecified (STDOUT, STG)#

#2.0#2021 12 10 16:41:30.119#Z#DEBUG#com.sap.cloud.lm.sl.xs2.e56d780e-59d7-11ec-831e-eeee0a80066a.db.stageAppTask#
######org.cloudfoundry.multiapps.controller.persistence.services.ProcessLogger########flowable-async-job-executor-thread-29606###
[PollStageAppStatusExecution] [db] 6406cd01-4087-46ec-bfec-32333c2b7c70 [Fri Dec 10 16:41:27 UTC 2021] -----> Installing binaries (STDOUT, STG)#

#2.0#2021 12 10 16:41:30.119#Z#DEBUG#com.sap.cloud.lm.sl.xs2.e56d780e-59d7-11ec-831e-eeee0a80066a.db.stageAppTask#
######org.cloudfoundry.multiapps.controller.persistence.services.ProcessLogger########flowable-async-job-executor-thread-29606###
[PollStageAppStatusExecution] [db] 6406cd01-4087-46ec-bfec-32333c2b7c70 [Fri Dec 10 16:41:29 UTC 2021]        Using default npm version: 8.0.0 (STDOUT, STG)#

#2.0#2021 12 10 16:41:39.937#Z#DEBUG#com.sap.cloud.lm.sl.xs2.e56d780e-59d7-11ec-831e-eeee0a80066a.db.stageAppTask#
######org.cloudfoundry.multiapps.controller.persistence.services.ProcessLogger########flowable-async-job-executor-thread-37639###
[PollStageAppStatusExecution] [db] 6406cd01-4087-46ec-bfec-32333c2b7c70 [Fri Dec 10 16:41:29 UTC 2021]        Copy [/tmp/buildpacks/8682bb6a0bb597eac0658bcb18ff95b7/dependencies/4984aeaaf5967be21b1e442d431a1957/yarn_1.22.17_linux_noarch_any-stack_08892f64.tgz] (STDOUT, STG)#

#2.0#2021 12 10 16:41:39.937#Z#DEBUG#com.sap.cloud.lm.sl.xs2.e56d780e-59d7-11ec-831e-eeee0a80066a.db.stageAppTask#
######org.cloudfoundry.multiapps.controller.persistence.services.ProcessLogger########flowable-async-job-executor-thread-37639###
[PollStageAppStatusExecution] [db] 6406cd01-4087-46ec-bfec-32333c2b7c70 [Fri Dec 10 16:41:29 UTC 2021] -----> Installing yarn 1.22.17 (STDOUT, STG)#

#2.0#2021 12 10 16:41:39.937#Z#DEBUG#com.sap.cloud.lm.sl.xs2.e56d780e-59d7-11ec-831e-eeee0a80066a.db.stageAppTask#
######org.cloudfoundry.multiapps.controller.persistence.services.ProcessLogger########flowable-async-job-executor-thread-37639###
[PollStageAppStatusExecution] [db] 6406cd01-4087-46ec-bfec-32333c2b7c70 [Fri Dec 10 16:41:30 UTC 2021] -----> Creating runtime environment (STDOUT, STG)#

#2.0#2021 12 10 16:41:39.937#Z#DEBUG#com.sap.cloud.lm.sl.xs2.e56d780e-59d7-11ec-831e-eeee0a80066a.db.stageAppTask#
######org.cloudfoundry.multiapps.controller.persistence.services.ProcessLogger########flowable-async-job-executor-thread-37639###
[PollStageAppStatusExecution] [db] 6406cd01-4087-46ec-bfec-32333c2b7c70 [Fri Dec 10 16:41:30 UTC 2021]        Installed yarn 1.22.17 (STDOUT, STG)#

#2.0#2021 12 10 16:41:39.937#Z#DEBUG#com.sap.cloud.lm.sl.xs2.e56d780e-59d7-11ec-831e-eeee0a80066a.db.stageAppTask#
######org.cloudfoundry.multiapps.controller.persistence.services.ProcessLogger########flowable-async-job-executor-thread-37639###
[PollStageAppStatusExecution] [db] 6406cd01-4087-46ec-bfec-32333c2b7c70 [Fri Dec 10 16:41:30 UTC 2021]        Rebuilding any native modules (STDOUT, STG)#

#2.0#2021 12 10 16:41:39.937#Z#DEBUG#com.sap.cloud.lm.sl.xs2.e56d780e-59d7-11ec-831e-eeee0a80066a.db.stageAppTask#
######org.cloudfoundry.multiapps.controller.persistence.services.ProcessLogger########flowable-async-job-executor-thread-37639###
[PollStageAppStatusExecution] [db] 6406cd01-4087-46ec-bfec-32333c2b7c70 [Fri Dec 10 16:41:30 UTC 2021]        Prebuild detected (node_modules already exists) (STDOUT, STG)#

#2.0#2021 12 10 16:41:39.937#Z#DEBUG#com.sap.cloud.lm.sl.xs2.e56d780e-59d7-11ec-831e-eeee0a80066a.db.stageAppTask#
######org.cloudfoundry.multiapps.controller.persistence.services.ProcessLogger########flowable-async-job-executor-thread-37639###
[PollStageAppStatusExecution] [db] 6406cd01-4087-46ec-bfec-32333c2b7c70 [Fri Dec 10 16:41:30 UTC 2021] -----> Building dependencies (STDOUT, STG)#

#2.0#2021 12 10 16:41:39.937#Z#DEBUG#com.sap.cloud.lm.sl.xs2.e56d780e-59d7-11ec-831e-eeee0a80066a.db.stageAppTask#
######org.cloudfoundry.multiapps.controller.persistence.services.ProcessLogger########flowable-async-job-executor-thread-37639###
[PollStageAppStatusExecution] [db] 6406cd01-4087-46ec-bfec-32333c2b7c70 [Fri Dec 10 16:41:30 UTC 2021]        NPM_CONFIG_PRODUCTION=true (STDOUT, STG)#

#2.0#2021 12 10 16:41:39.937#Z#DEBUG#com.sap.cloud.lm.sl.xs2.e56d780e-59d7-11ec-831e-eeee0a80066a.db.stageAppTask#
######org.cloudfoundry.multiapps.controller.persistence.services.ProcessLogger########flowable-async-job-executor-thread-37639###
[PollStageAppStatusExecution] [db] 6406cd01-4087-46ec-bfec-32333c2b7c70 [Fri Dec 10 16:41:30 UTC 2021]        NPM_CONFIG_LOGLEVEL=error (STDOUT, STG)#

#2.0#2021 12 10 16:41:39.937#Z#DEBUG#com.sap.cloud.lm.sl.xs2.e56d780e-59d7-11ec-831e-eeee0a80066a.db.stageAppTask#
######org.cloudfoundry.multiapps.controller.persistence.services.ProcessLogger########flowable-async-job-executor-thread-37639###
[PollStageAppStatusExecution] [db] 6406cd01-4087-46ec-bfec-32333c2b7c70 [Fri Dec 10 16:41:30 UTC 2021]        NODE_VERBOSE=false (STDOUT, STG)#

#2.0#2021 12 10 16:41:39.937#Z#DEBUG#com.sap.cloud.lm.sl.xs2.e56d780e-59d7-11ec-831e-eeee0a80066a.db.stageAppTask#
######org.cloudfoundry.multiapps.controller.persistence.services.ProcessLogger########flowable-async-job-executor-thread-37639###
[PollStageAppStatusExecution] [db] 6406cd01-4087-46ec-bfec-32333c2b7c70 [Fri Dec 10 16:41:30 UTC 2021]        NODE_MODULES_CACHE=true (STDOUT, STG)#

#2.0#2021 12 10 16:41:39.937#Z#DEBUG#com.sap.cloud.lm.sl.xs2.e56d780e-59d7-11ec-831e-eeee0a80066a.db.stageAppTask#
######org.cloudfoundry.multiapps.controller.persistence.services.ProcessLogger########flowable-async-job-executor-thread-37639###
[PollStageAppStatusExecution] [db] 6406cd01-4087-46ec-bfec-32333c2b7c70 [Fri Dec 10 16:41:30 UTC 2021]        NODE_HOME=/tmp/contents1937186407/deps/0/node (STDOUT, STG)#

#2.0#2021 12 10 16:41:39.937#Z#DEBUG#com.sap.cloud.lm.sl.xs2.e56d780e-59d7-11ec-831e-eeee0a80066a.db.stageAppTask#
######org.cloudfoundry.multiapps.controller.persistence.services.ProcessLogger########flowable-async-job-executor-thread-37639###
[PollStageAppStatusExecution] [db] 6406cd01-4087-46ec-bfec-32333c2b7c70 [Fri Dec 10 16:41:30 UTC 2021]        NODE_ENV=production (STDOUT, STG)#

#2.0#2021 12 10 16:41:39.937#Z#DEBUG#com.sap.cloud.lm.sl.xs2.e56d780e-59d7-11ec-831e-eeee0a80066a.db.stageAppTask#
######org.cloudfoundry.multiapps.controller.persistence.services.ProcessLogger########flowable-async-job-executor-thread-37639###
[PollStageAppStatusExecution] [db] 6406cd01-4087-46ec-bfec-32333c2b7c70 [Fri Dec 10 16:41:32 UTC 2021] rebuilt dependencies successfully (STDOUT, STG)#

#2.0#2021 12 10 16:41:39.937#Z#DEBUG#com.sap.cloud.lm.sl.xs2.e56d780e-59d7-11ec-831e-eeee0a80066a.db.stageAppTask#
######org.cloudfoundry.multiapps.controller.persistence.services.ProcessLogger########flowable-async-job-executor-thread-37639###
[PollStageAppStatusExecution] [db] 6406cd01-4087-46ec-bfec-32333c2b7c70 [Fri Dec 10 16:41:32 UTC 2021] npm notice  (STDOUT, STG)#

#2.0#2021 12 10 16:41:39.937#Z#DEBUG#com.sap.cloud.lm.sl.xs2.e56d780e-59d7-11ec-831e-eeee0a80066a.db.stageAppTask#
######org.cloudfoundry.multiapps.controller.persistence.services.ProcessLogger########flowable-async-job-executor-thread-37639###
[PollStageAppStatusExecution] [db] 6406cd01-4087-46ec-bfec-32333c2b7c70 [Fri Dec 10 16:41:32 UTC 2021] npm notice Run `npm install -g npm@8.3.0` to update! (STDOUT, STG)#

#2.0#2021 12 10 16:41:39.937#Z#DEBUG#com.sap.cloud.lm.sl.xs2.e56d780e-59d7-11ec-831e-eeee0a80066a.db.stageAppTask#
######org.cloudfoundry.multiapps.controller.persistence.services.ProcessLogger########flowable-async-job-executor-thread-37639###
[PollStageAppStatusExecution] [db] 6406cd01-4087-46ec-bfec-32333c2b7c70 [Fri Dec 10 16:41:32 UTC 2021] npm notice Changelog: <https://github.com/npm/cli/releases/tag/v8.3.0> (STDOUT, STG)#

#2.0#2021 12 10 16:41:39.937#Z#DEBUG#com.sap.cloud.lm.sl.xs2.e56d780e-59d7-11ec-831e-eeee0a80066a.db.stageAppTask#
######org.cloudfoundry.multiapps.controller.persistence.services.ProcessLogger########flowable-async-job-executor-thread-37639###
[PollStageAppStatusExecution] [db] 6406cd01-4087-46ec-bfec-32333c2b7c70 [Fri Dec 10 16:41:32 UTC 2021] npm notice New minor version of npm available! 8.0.0 -> 8.3.0 (STDOUT, STG)#

#2.0#2021 12 10 16:41:39.937#Z#DEBUG#com.sap.cloud.lm.sl.xs2.e56d780e-59d7-11ec-831e-eeee0a80066a.db.stageAppTask#
######org.cloudfoundry.multiapps.controller.persistence.services.ProcessLogger########flowable-async-job-executor-thread-37639###
[PollStageAppStatusExecution] [db] 6406cd01-4087-46ec-bfec-32333c2b7c70 [Fri Dec 10 16:41:32 UTC 2021] npm notice  (STDOUT, STG)#

#2.0#2021 12 10 16:41:39.937#Z#DEBUG#com.sap.cloud.lm.sl.xs2.e56d780e-59d7-11ec-831e-eeee0a80066a.db.stageAppTask#
######org.cloudfoundry.multiapps.controller.persistence.services.ProcessLogger########flowable-async-job-executor-thread-37639###
[PollStageAppStatusExecution] [db] 6406cd01-4087-46ec-bfec-32333c2b7c70 [Fri Dec 10 16:41:32 UTC 2021]        Installing any new modules (package.json + package-lock.json) (STDOUT, STG)#

#2.0#2021 12 10 16:41:39.937#Z#DEBUG#com.sap.cloud.lm.sl.xs2.e56d780e-59d7-11ec-831e-eeee0a80066a.db.stageAppTask#
######org.cloudfoundry.multiapps.controller.persistence.services.ProcessLogger########flowable-async-job-executor-thread-37639###
[PollStageAppStatusExecution] [db] 6406cd01-4087-46ec-bfec-32333c2b7c70 [Fri Dec 10 16:41:34 UTC 2021]   run `npm fund` for details (STDOUT, STG)#

#2.0#2021 12 10 16:41:39.937#Z#DEBUG#com.sap.cloud.lm.sl.xs2.e56d780e-59d7-11ec-831e-eeee0a80066a.db.stageAppTask#
######org.cloudfoundry.multiapps.controller.persistence.services.ProcessLogger########flowable-async-job-executor-thread-37639###
[PollStageAppStatusExecution] [db] 6406cd01-4087-46ec-bfec-32333c2b7c70 [Fri Dec 10 16:41:34 UTC 2021] 1 package is looking for funding (STDOUT, STG)#

#2.0#2021 12 10 16:41:39.937#Z#DEBUG#com.sap.cloud.lm.sl.xs2.e56d780e-59d7-11ec-831e-eeee0a80066a.db.stageAppTask#
######org.cloudfoundry.multiapps.controller.persistence.services.ProcessLogger########flowable-async-job-executor-thread-37639###
[PollStageAppStatusExecution] [db] 6406cd01-4087-46ec-bfec-32333c2b7c70 [Fri Dec 10 16:41:34 UTC 2021] up to date in 2s (STDOUT, STG)#

#2.0#2021 12 10 16:41:39.937#Z#DEBUG#com.sap.cloud.lm.sl.xs2.e56d780e-59d7-11ec-831e-eeee0a80066a.db.stageAppTask#
######org.cloudfoundry.multiapps.controller.persistence.services.ProcessLogger########flowable-async-job-executor-thread-37639###
[PollStageAppStatusExecution] [db] 6406cd01-4087-46ec-bfec-32333c2b7c70 [Fri Dec 10 16:41:35 UTC 2021]        Contrast Security no credentials found. Will not write environment files. (STDOUT, STG)#

#2.0#2021 12 10 16:42:00.343#Z#DEBUG#com.sap.cloud.lm.sl.xs2.e56d780e-59d7-11ec-831e-eeee0a80066a.db.stageAppTask#
######org.cloudfoundry.multiapps.controller.persistence.services.ProcessLogger########flowable-async-job-executor-thread-34793###
[PollStageAppStatusExecution] [db] 6406cd01-4087-46ec-bfec-32333c2b7c70 [Fri Dec 10 16:41:50 UTC 2021] Uploading build artifacts cache... (STDOUT, STG)#

#2.0#2021 12 10 16:42:00.343#Z#DEBUG#com.sap.cloud.lm.sl.xs2.e56d780e-59d7-11ec-831e-eeee0a80066a.db.stageAppTask#
######org.cloudfoundry.multiapps.controller.persistence.services.ProcessLogger########flowable-async-job-executor-thread-34793###
[PollStageAppStatusExecution] [db] 6406cd01-4087-46ec-bfec-32333c2b7c70 [Fri Dec 10 16:41:50 UTC 2021] Uploading droplet... (STDOUT, STG)#

#2.0#2021 12 10 16:42:00.343#Z#DEBUG#com.sap.cloud.lm.sl.xs2.e56d780e-59d7-11ec-831e-eeee0a80066a.db.stageAppTask#
######org.cloudfoundry.multiapps.controller.persistence.services.ProcessLogger########flowable-async-job-executor-thread-34793###
[PollStageAppStatusExecution] [db] 6406cd01-4087-46ec-bfec-32333c2b7c70 [Fri Dec 10 16:41:50 UTC 2021] Uploading droplet, build artifacts cache... (STDOUT, STG)#

#2.0#2021 12 10 16:42:00.343#Z#DEBUG#com.sap.cloud.lm.sl.xs2.e56d780e-59d7-11ec-831e-eeee0a80066a.db.stageAppTask#
######org.cloudfoundry.multiapps.controller.persistence.services.ProcessLogger########flowable-async-job-executor-thread-34793###
[PollStageAppStatusExecution] [db] 6406cd01-4087-46ec-bfec-32333c2b7c70 [Fri Dec 10 16:41:50 UTC 2021] Exit status 0 (STDOUT, STG)#

#2.0#2021 12 10 16:42:00.343#Z#DEBUG#com.sap.cloud.lm.sl.xs2.e56d780e-59d7-11ec-831e-eeee0a80066a.db.stageAppTask#
######org.cloudfoundry.multiapps.controller.persistence.services.ProcessLogger########flowable-async-job-executor-thread-34793###
[PollStageAppStatusExecution] [db] 6406cd01-4087-46ec-bfec-32333c2b7c70 [Fri Dec 10 16:41:50 UTC 2021] Uploaded build artifacts cache (226B) (STDOUT, STG)#

#2.0#2021 12 10 16:42:00.343#Z#DEBUG#com.sap.cloud.lm.sl.xs2.e56d780e-59d7-11ec-831e-eeee0a80066a.db.stageAppTask#
######org.cloudfoundry.multiapps.controller.persistence.services.ProcessLogger########flowable-async-job-executor-thread-34793###
[PollStageAppStatusExecution] [db] 6406cd01-4087-46ec-bfec-32333c2b7c70 [Fri Dec 10 16:41:52 UTC 2021] Creating droplet for app with guid 6406cd01-4087-46ec-bfec-32333c2b7c70 (STDOUT, API)#

#2.0#2021 12 10 16:42:00.343#Z#DEBUG#com.sap.cloud.lm.sl.xs2.e56d780e-59d7-11ec-831e-eeee0a80066a.db.stageAppTask#
######org.cloudfoundry.multiapps.controller.persistence.services.ProcessLogger########flowable-async-job-executor-thread-34793###
[PollStageAppStatusExecution] [db] 6406cd01-4087-46ec-bfec-32333c2b7c70 [Fri Dec 10 16:41:54 UTC 2021] Uploaded droplet (78.8M) (STDOUT, STG)#

#2.0#2021 12 10 16:42:00.343#Z#DEBUG#com.sap.cloud.lm.sl.xs2.e56d780e-59d7-11ec-831e-eeee0a80066a.db.stageAppTask#
######org.cloudfoundry.multiapps.controller.persistence.services.ProcessLogger########flowable-async-job-executor-thread-34793###
[PollStageAppStatusExecution] [db] 6406cd01-4087-46ec-bfec-32333c2b7c70 [Fri Dec 10 16:41:54 UTC 2021] Uploading complete (STDOUT, STG)#

#2.0#2021 12 10 16:42:00.343#Z#DEBUG#com.sap.cloud.lm.sl.xs2.e56d780e-59d7-11ec-831e-eeee0a80066a.db.stageAppTask#
######org.cloudfoundry.multiapps.controller.persistence.services.ProcessLogger########flowable-async-job-executor-thread-34793###
[PollStageAppStatusExecution] [db] 6406cd01-4087-46ec-bfec-32333c2b7c70 [Fri Dec 10 16:41:54 UTC 2021] Cell 86d85d86-7c61-473b-b28f-b81b25a7f3d1 stopping instance 9dc35957-f611-44a6-8755-537d34be63cf (STDOUT, STG)#

#2.0#2021 12 10 16:42:00.343#Z#DEBUG#com.sap.cloud.lm.sl.xs2.e56d780e-59d7-11ec-831e-eeee0a80066a.db.stageAppTask#
######org.cloudfoundry.multiapps.controller.persistence.services.ProcessLogger########flowable-async-job-executor-thread-34793###
[PollStageAppStatusExecution] [db] 6406cd01-4087-46ec-bfec-32333c2b7c70 [Fri Dec 10 16:41:54 UTC 2021] Cell 86d85d86-7c61-473b-b28f-b81b25a7f3d1 destroying container for instance 9dc35957-f611-44a6-8755-537d34be63cf (STDOUT, STG)#

#2.0#2021 12 10 16:42:00.343#Z#DEBUG#com.sap.cloud.lm.sl.xs2.e56d780e-59d7-11ec-831e-eeee0a80066a.db.stageAppTask#
######org.cloudfoundry.multiapps.controller.persistence.services.ProcessLogger########flowable-async-job-executor-thread-34793###
[PollStageAppStatusExecution] [db] 6406cd01-4087-46ec-bfec-32333c2b7c70 [Fri Dec 10 16:41:56 UTC 2021] Cell 86d85d86-7c61-473b-b28f-b81b25a7f3d1 successfully destroyed container for instance 9dc35957-f611-44a6-8755-537d34be63cf (STDOUT, STG)#

#2.0#2021 12 10 16:42:10.136#Z#DEBUG#com.sap.cloud.lm.sl.xs2.e56d780e-59d7-11ec-831e-eeee0a80066a.db.executeTaskTask#
######org.cloudfoundry.multiapps.controller.persistence.services.ProcessLogger########flowable-async-job-executor-thread-37675###
[PollExecuteTaskStatusExecution] [db] 6406cd01-4087-46ec-bfec-32333c2b7c70 [Fri Dec 10 16:42:01 UTC 2021] Updated app with guid 6406cd01-4087-46ec-bfec-32333c2b7c70 ({:droplet_guid=>"e100abe4-42e9-4a7c-9397-4ca375fc8116"}) (STDOUT, API)#

#2.0#2021 12 10 16:42:10.136#Z#DEBUG#com.sap.cloud.lm.sl.xs2.e56d780e-59d7-11ec-831e-eeee0a80066a.db.executeTaskTask#
######org.cloudfoundry.multiapps.controller.persistence.services.ProcessLogger########flowable-async-job-executor-thread-37675###
[PollExecuteTaskStatusExecution] [db] 6406cd01-4087-46ec-bfec-32333c2b7c70 [Fri Dec 10 16:42:02 UTC 2021] Cell 0a65d6c9-fe8f-4fe6-b872-33ffeffb5b4d creating container for instance 937ec618-2fb3-4262-84ac-f19cf922d68a (STDOUT, CELL)#

#2.0#2021 12 10 16:42:10.136#Z#DEBUG#com.sap.cloud.lm.sl.xs2.e56d780e-59d7-11ec-831e-eeee0a80066a.db.executeTaskTask#
######org.cloudfoundry.multiapps.controller.persistence.services.ProcessLogger########flowable-async-job-executor-thread-37675###
[PollExecuteTaskStatusExecution] [db] 6406cd01-4087-46ec-bfec-32333c2b7c70 [Fri Dec 10 16:42:02 UTC 2021] Cell 0a65d6c9-fe8f-4fe6-b872-33ffeffb5b4d successfully created container for instance 937ec618-2fb3-4262-84ac-f19cf922d68a (STDOUT, CELL)#

#2.0#2021 12 10 16:42:10.136#Z#DEBUG#com.sap.cloud.lm.sl.xs2.e56d780e-59d7-11ec-831e-eeee0a80066a.db.executeTaskTask#
######org.cloudfoundry.multiapps.controller.persistence.services.ProcessLogger########flowable-async-job-executor-thread-37675###
[PollExecuteTaskStatusExecution] [db] 6406cd01-4087-46ec-bfec-32333c2b7c70 [Fri Dec 10 16:42:08 UTC 2021] > node node_modules/@sap/hdi-deploy/deploy.js (STDOUT, APP/TASK/deploy)#

#2.0#2021 12 10 16:42:10.136#Z#DEBUG#com.sap.cloud.lm.sl.xs2.e56d780e-59d7-11ec-831e-eeee0a80066a.db.executeTaskTask#
######org.cloudfoundry.multiapps.controller.persistence.services.ProcessLogger########flowable-async-job-executor-thread-37675###
[PollExecuteTaskStatusExecution] [db] 6406cd01-4087-46ec-bfec-32333c2b7c70 [Fri Dec 10 16:42:08 UTC 2021] > start (STDOUT, APP/TASK/deploy)#

#2.0#2021 12 10 16:42:10.136#Z#DEBUG#com.sap.cloud.lm.sl.xs2.e56d780e-59d7-11ec-831e-eeee0a80066a.db.executeTaskTask#
######org.cloudfoundry.multiapps.controller.persistence.services.ProcessLogger########flowable-async-job-executor-thread-37675###
[PollExecuteTaskStatusExecution] [db] 6406cd01-4087-46ec-bfec-32333c2b7c70 [Fri Dec 10 16:42:09 UTC 2021] @sap/hdi-deploy, version 4.2.3 (mode default), server version 4.00.000.00.1632815120 (4.0.0.0), node version 16.11.1, HDI version 1006, container API version 1004 (STDOUT, APP/TASK/deploy)#

#2.0#2021 12 10 16:42:10.136#Z#DEBUG#com.sap.cloud.lm.sl.xs2.e56d780e-59d7-11ec-831e-eeee0a80066a.db.executeTaskTask#
######org.cloudfoundry.multiapps.controller.persistence.services.ProcessLogger########flowable-async-job-executor-thread-37675###
[PollExecuteTaskStatusExecution] [db] 6406cd01-4087-46ec-bfec-32333c2b7c70 [Fri Dec 10 16:42:09 UTC 2021] Deployment started at 2021-12-10 16:42:09 (STDOUT, APP/TASK/deploy)#

#2.0#2021 12 10 16:42:10.136#Z#DEBUG#com.sap.cloud.lm.sl.xs2.e56d780e-59d7-11ec-831e-eeee0a80066a.db.executeTaskTask#
######org.cloudfoundry.multiapps.controller.persistence.services.ProcessLogger########flowable-async-job-executor-thread-37675###
[PollExecuteTaskStatusExecution] [db] 6406cd01-4087-46ec-bfec-32333c2b7c70 [Fri Dec 10 16:42:09 UTC 2021] No ignore file at /home/vcap/app/.hdiignore. (STDOUT, APP/TASK/deploy)#

#2.0#2021 12 10 16:42:10.136#Z#DEBUG#com.sap.cloud.lm.sl.xs2.e56d780e-59d7-11ec-831e-eeee0a80066a.db.executeTaskTask#
######org.cloudfoundry.multiapps.controller.persistence.services.ProcessLogger########flowable-async-job-executor-thread-37675###
[PollExecuteTaskStatusExecution] [db] 6406cd01-4087-46ec-bfec-32333c2b7c70 [Fri Dec 10 16:42:09 UTC 2021] Collecting files... (STDOUT, APP/TASK/deploy)#

#2.0#2021 12 10 16:42:10.136#Z#DEBUG#com.sap.cloud.lm.sl.xs2.e56d780e-59d7-11ec-831e-eeee0a80066a.db.executeTaskTask#
######org.cloudfoundry.multiapps.controller.persistence.services.ProcessLogger########flowable-async-job-executor-thread-37675###
[PollExecuteTaskStatusExecution] [db] 6406cd01-4087-46ec-bfec-32333c2b7c70 [Fri Dec 10 16:42:09 UTC 2021] 0 reusable modules collected (STDOUT, APP/TASK/deploy)#

#2.0#2021 12 10 16:42:10.136#Z#DEBUG#com.sap.cloud.lm.sl.xs2.e56d780e-59d7-11ec-831e-eeee0a80066a.db.executeTaskTask#
######org.cloudfoundry.multiapps.controller.persistence.services.ProcessLogger########flowable-async-job-executor-thread-37675###
[PollExecuteTaskStatusExecution] [db] 6406cd01-4087-46ec-bfec-32333c2b7c70 [Fri Dec 10 16:42:09 UTC 2021] 2 directories collected (STDOUT, APP/TASK/deploy)#

#2.0#2021 12 10 16:42:10.136#Z#DEBUG#com.sap.cloud.lm.sl.xs2.e56d780e-59d7-11ec-831e-eeee0a80066a.db.executeTaskTask#
######org.cloudfoundry.multiapps.controller.persistence.services.ProcessLogger########flowable-async-job-executor-thread-37675###
[PollExecuteTaskStatusExecution] [db] 6406cd01-4087-46ec-bfec-32333c2b7c70 [Fri Dec 10 16:42:09 UTC 2021] Collecting files... ok (0s 9ms) (STDOUT, APP/TASK/deploy)#

#2.0#2021 12 10 16:42:20.266#Z#DEBUG#com.sap.cloud.lm.sl.xs2.e56d780e-59d7-11ec-831e-eeee0a80066a.db.executeTaskTask#
######org.cloudfoundry.multiapps.controller.persistence.services.ProcessLogger########flowable-async-job-executor-thread-37691###
[PollExecuteTaskStatusExecution] [db] 6406cd01-4087-46ec-bfec-32333c2b7c70 [Fri Dec 10 16:42:09 UTC 2021] Target service: hdi_db (STDOUT, APP/TASK/deploy)#

#2.0#2021 12 10 16:42:20.266#Z#DEBUG#com.sap.cloud.lm.sl.xs2.e56d780e-59d7-11ec-831e-eeee0a80066a.db.executeTaskTask#
######org.cloudfoundry.multiapps.controller.persistence.services.ProcessLogger########flowable-async-job-executor-thread-37691###
[PollExecuteTaskStatusExecution] [db] 6406cd01-4087-46ec-bfec-32333c2b7c70 [Fri Dec 10 16:42:09 UTC 2021] 0 reusable modules collected (STDOUT, APP/TASK/deploy)#

#2.0#2021 12 10 16:42:20.266#Z#DEBUG#com.sap.cloud.lm.sl.xs2.e56d780e-59d7-11ec-831e-eeee0a80066a.db.executeTaskTask#
######org.cloudfoundry.multiapps.controller.persistence.services.ProcessLogger########flowable-async-job-executor-thread-37691###
[PollExecuteTaskStatusExecution] [db] 6406cd01-4087-46ec-bfec-32333c2b7c70 [Fri Dec 10 16:42:09 UTC 2021] 3 files collected (STDOUT, APP/TASK/deploy)#

#2.0#2021 12 10 16:42:20.266#Z#DEBUG#com.sap.cloud.lm.sl.xs2.e56d780e-59d7-11ec-831e-eeee0a80066a.db.executeTaskTask#
######org.cloudfoundry.multiapps.controller.persistence.services.ProcessLogger########flowable-async-job-executor-thread-37691###
[PollExecuteTaskStatusExecution] [db] 6406cd01-4087-46ec-bfec-32333c2b7c70 [Fri Dec 10 16:42:09 UTC 2021] 2 directories collected (STDOUT, APP/TASK/deploy)#

#2.0#2021 12 10 16:42:20.266#Z#DEBUG#com.sap.cloud.lm.sl.xs2.e56d780e-59d7-11ec-831e-eeee0a80066a.db.executeTaskTask#
######org.cloudfoundry.multiapps.controller.persistence.services.ProcessLogger########flowable-async-job-executor-thread-37691###
[PollExecuteTaskStatusExecution] [db] 6406cd01-4087-46ec-bfec-32333c2b7c70 [Fri Dec 10 16:42:09 UTC 2021] Session variable APPLICATION is set to "SAP_HDI/dev_total/HANA Product Management_VolkerSaggau". (STDOUT, APP/TASK/deploy)#

#2.0#2021 12 10 16:42:20.266#Z#DEBUG#com.sap.cloud.lm.sl.xs2.e56d780e-59d7-11ec-831e-eeee0a80066a.db.executeTaskTask#
######org.cloudfoundry.multiapps.controller.persistence.services.ProcessLogger########flowable-async-job-executor-thread-37691###
[PollExecuteTaskStatusExecution] [db] 6406cd01-4087-46ec-bfec-32333c2b7c70 [Fri Dec 10 16:42:09 UTC 2021] Processing grants files... ok (0s 0ms) (STDOUT, APP/TASK/deploy)#

#2.0#2021 12 10 16:42:20.266#Z#DEBUG#com.sap.cloud.lm.sl.xs2.e56d780e-59d7-11ec-831e-eeee0a80066a.db.executeTaskTask#
######org.cloudfoundry.multiapps.controller.persistence.services.ProcessLogger########flowable-async-job-executor-thread-37691###
[PollExecuteTaskStatusExecution] [db] 6406cd01-4087-46ec-bfec-32333c2b7c70 [Fri Dec 10 16:42:09 UTC 2021] Processing grants files... (STDOUT, APP/TASK/deploy)#

#2.0#2021 12 10 16:42:20.266#Z#DEBUG#com.sap.cloud.lm.sl.xs2.e56d780e-59d7-11ec-831e-eeee0a80066a.db.executeTaskTask#
######org.cloudfoundry.multiapps.controller.persistence.services.ProcessLogger########flowable-async-job-executor-thread-37691###
[PollExecuteTaskStatusExecution] [db] 6406cd01-4087-46ec-bfec-32333c2b7c70 [Fri Dec 10 16:42:09 UTC 2021] Processing revoke files... ok (0s 0ms) (STDOUT, APP/TASK/deploy)#

#2.0#2021 12 10 16:42:20.266#Z#DEBUG#com.sap.cloud.lm.sl.xs2.e56d780e-59d7-11ec-831e-eeee0a80066a.db.executeTaskTask#
######org.cloudfoundry.multiapps.controller.persistence.services.ProcessLogger########flowable-async-job-executor-thread-37691###
[PollExecuteTaskStatusExecution] [db] 6406cd01-4087-46ec-bfec-32333c2b7c70 [Fri Dec 10 16:42:09 UTC 2021] Processing revoke files... (STDOUT, APP/TASK/deploy)#

#2.0#2021 12 10 16:42:20.266#Z#DEBUG#com.sap.cloud.lm.sl.xs2.e56d780e-59d7-11ec-831e-eeee0a80066a.db.executeTaskTask#
######org.cloudfoundry.multiapps.controller.persistence.services.ProcessLogger########flowable-async-job-executor-thread-37691###
[PollExecuteTaskStatusExecution] [db] 6406cd01-4087-46ec-bfec-32333c2b7c70 [Fri Dec 10 16:42:09 UTC 2021] Previous build with request ID 191 finished at 2021-11-23 14:52:16.621884000 with status Committed and message: Make succeeded (0 warnings): 6 files deployed (effective 6), 0 files undeployed (effective 0), 0 dependent files redeployed. (STDOUT, APP/TASK/deploy)#

#2.0#2021 12 10 16:42:20.266#Z#DEBUG#com.sap.cloud.lm.sl.xs2.e56d780e-59d7-11ec-831e-eeee0a80066a.db.executeTaskTask#
######org.cloudfoundry.multiapps.controller.persistence.services.ProcessLogger########flowable-async-job-executor-thread-37691###
[PollExecuteTaskStatusExecution] [db] 6406cd01-4087-46ec-bfec-32333c2b7c70 [Fri Dec 10 16:42:09 UTC 2021] Preprocessing files... (STDOUT, APP/TASK/deploy)#

#2.0#2021 12 10 16:42:20.266#Z#DEBUG#com.sap.cloud.lm.sl.xs2.e56d780e-59d7-11ec-831e-eeee0a80066a.db.executeTaskTask#
######org.cloudfoundry.multiapps.controller.persistence.services.ProcessLogger########flowable-async-job-executor-thread-37691###
[PollExecuteTaskStatusExecution] [db] 6406cd01-4087-46ec-bfec-32333c2b7c70 [Fri Dec 10 16:42:09 UTC 2021] Connecting to the container "B2AD55164F1E4528BECF08085603685E"... (STDOUT, APP/TASK/deploy)#

#2.0#2021 12 10 16:42:20.266#Z#DEBUG#com.sap.cloud.lm.sl.xs2.e56d780e-59d7-11ec-831e-eeee0a80066a.db.executeTaskTask#
######org.cloudfoundry.multiapps.controller.persistence.services.ProcessLogger########flowable-async-job-executor-thread-37691###
[PollExecuteTaskStatusExecution] [db] 6406cd01-4087-46ec-bfec-32333c2b7c70 [Fri Dec 10 16:42:09 UTC 2021] Preprocessing files... ok (0s 0ms) (STDOUT, APP/TASK/deploy)#

#2.0#2021 12 10 16:42:20.266#Z#DEBUG#com.sap.cloud.lm.sl.xs2.e56d780e-59d7-11ec-831e-eeee0a80066a.db.executeTaskTask#
######org.cloudfoundry.multiapps.controller.persistence.services.ProcessLogger########flowable-async-job-executor-thread-37691###
[PollExecuteTaskStatusExecution] [db] 6406cd01-4087-46ec-bfec-32333c2b7c70 [Fri Dec 10 16:42:09 UTC 2021] Locking the container "B2AD55164F1E4528BECF08085603685E"... (STDOUT, APP/TASK/deploy)#

#2.0#2021 12 10 16:42:20.266#Z#DEBUG#com.sap.cloud.lm.sl.xs2.e56d780e-59d7-11ec-831e-eeee0a80066a.db.executeTaskTask#
######org.cloudfoundry.multiapps.controller.persistence.services.ProcessLogger########flowable-async-job-executor-thread-37691###
[PollExecuteTaskStatusExecution] [db] 6406cd01-4087-46ec-bfec-32333c2b7c70 [Fri Dec 10 16:42:09 UTC 2021] Connecting to the container "B2AD55164F1E4528BECF08085603685E"... ok (0s 183ms) (STDOUT, APP/TASK/deploy)#

#2.0#2021 12 10 16:42:20.266#Z#DEBUG#com.sap.cloud.lm.sl.xs2.e56d780e-59d7-11ec-831e-eeee0a80066a.db.executeTaskTask#
######org.cloudfoundry.multiapps.controller.persistence.services.ProcessLogger########flowable-async-job-executor-thread-37691###
[PollExecuteTaskStatusExecution] [db] 6406cd01-4087-46ec-bfec-32333c2b7c70 [Fri Dec 10 16:42:10 UTC 2021]   Deleting files... (STDOUT, APP/TASK/deploy)#

#2.0#2021 12 10 16:42:20.266#Z#DEBUG#com.sap.cloud.lm.sl.xs2.e56d780e-59d7-11ec-831e-eeee0a80066a.db.executeTaskTask#
######org.cloudfoundry.multiapps.controller.persistence.services.ProcessLogger########flowable-async-job-executor-thread-37691###
[PollExecuteTaskStatusExecution] [db] 6406cd01-4087-46ec-bfec-32333c2b7c70 [Fri Dec 10 16:42:10 UTC 2021] Synchronizing files with the container "B2AD55164F1E4528BECF08085603685E"... (STDOUT, APP/TASK/deploy)#

#2.0#2021 12 10 16:42:20.266#Z#DEBUG#com.sap.cloud.lm.sl.xs2.e56d780e-59d7-11ec-831e-eeee0a80066a.db.executeTaskTask#
######org.cloudfoundry.multiapps.controller.persistence.services.ProcessLogger########flowable-async-job-executor-thread-37691###
[PollExecuteTaskStatusExecution] [db] 6406cd01-4087-46ec-bfec-32333c2b7c70 [Fri Dec 10 16:42:10 UTC 2021] Locking the container "B2AD55164F1E4528BECF08085603685E"... ok (0s 384ms) (STDOUT, APP/TASK/deploy)#

#2.0#2021 12 10 16:42:20.266#Z#DEBUG#com.sap.cloud.lm.sl.xs2.e56d780e-59d7-11ec-831e-eeee0a80066a.db.executeTaskTask#
######org.cloudfoundry.multiapps.controller.persistence.services.ProcessLogger########flowable-async-job-executor-thread-37691###
[PollExecuteTaskStatusExecution] [db] 6406cd01-4087-46ec-bfec-32333c2b7c70 [Fri Dec 10 16:42:10 UTC 2021]   Writing files... (STDOUT, APP/TASK/deploy)#

#2.0#2021 12 10 16:42:20.266#Z#DEBUG#com.sap.cloud.lm.sl.xs2.e56d780e-59d7-11ec-831e-eeee0a80066a.db.executeTaskTask#
######org.cloudfoundry.multiapps.controller.persistence.services.ProcessLogger########flowable-async-job-executor-thread-37691###
[PollExecuteTaskStatusExecution] [db] 6406cd01-4087-46ec-bfec-32333c2b7c70 [Fri Dec 10 16:42:10 UTC 2021]   Deleting files... ok (STDOUT, APP/TASK/deploy)#

#2.0#2021 12 10 16:42:20.266#Z#DEBUG#com.sap.cloud.lm.sl.xs2.e56d780e-59d7-11ec-831e-eeee0a80066a.db.executeTaskTask#
######org.cloudfoundry.multiapps.controller.persistence.services.ProcessLogger########flowable-async-job-executor-thread-37691###
[PollExecuteTaskStatusExecution] [db] 6406cd01-4087-46ec-bfec-32333c2b7c70 [Fri Dec 10 16:42:10 UTC 2021] Synchronizing files with the container "B2AD55164F1E4528BECF08085603685E"... ok (0s 500ms) (STDOUT, APP/TASK/deploy)#

#2.0#2021 12 10 16:42:20.266#Z#DEBUG#com.sap.cloud.lm.sl.xs2.e56d780e-59d7-11ec-831e-eeee0a80066a.db.executeTaskTask#
######org.cloudfoundry.multiapps.controller.persistence.services.ProcessLogger########flowable-async-job-executor-thread-37691###
[PollExecuteTaskStatusExecution] [db] 6406cd01-4087-46ec-bfec-32333c2b7c70 [Fri Dec 10 16:42:10 UTC 2021]   Writing files... ok (STDOUT, APP/TASK/deploy)#

#2.0#2021 12 10 16:42:20.266#Z#DEBUG#com.sap.cloud.lm.sl.xs2.e56d780e-59d7-11ec-831e-eeee0a80066a.db.executeTaskTask#
######org.cloudfoundry.multiapps.controller.persistence.services.ProcessLogger########flowable-async-job-executor-thread-37691###
[PollExecuteTaskStatusExecution] [db] 6406cd01-4087-46ec-bfec-32333c2b7c70 [Fri Dec 10 16:42:11 UTC 2021] modified files: [] (STDOUT, APP/TASK/deploy)#

#2.0#2021 12 10 16:42:20.266#Z#DEBUG#com.sap.cloud.lm.sl.xs2.e56d780e-59d7-11ec-831e-eeee0a80066a.db.executeTaskTask#
######org.cloudfoundry.multiapps.controller.persistence.services.ProcessLogger########flowable-async-job-executor-thread-37691###
[PollExecuteTaskStatusExecution] [db] 6406cd01-4087-46ec-bfec-32333c2b7c70 [Fri Dec 10 16:42:11 UTC 2021] ] (STDOUT, APP/TASK/deploy)#

#2.0#2021 12 10 16:42:20.266#Z#DEBUG#com.sap.cloud.lm.sl.xs2.e56d780e-59d7-11ec-831e-eeee0a80066a.db.executeTaskTask#
######org.cloudfoundry.multiapps.controller.persistence.services.ProcessLogger########flowable-async-job-executor-thread-37691###
[PollExecuteTaskStatusExecution] [db] 6406cd01-4087-46ec-bfec-32333c2b7c70 [Fri Dec 10 16:42:11 UTC 2021]   'src/time_tables/M_TIME_DIMENSION_YEAR.hdbtable' (STDOUT, APP/TASK/deploy)#

#2.0#2021 12 10 16:42:20.266#Z#DEBUG#com.sap.cloud.lm.sl.xs2.e56d780e-59d7-11ec-831e-eeee0a80066a.db.executeTaskTask#
######org.cloudfoundry.multiapps.controller.persistence.services.ProcessLogger########flowable-async-job-executor-thread-37691###
[PollExecuteTaskStatusExecution] [db] 6406cd01-4087-46ec-bfec-32333c2b7c70 [Fri Dec 10 16:42:11 UTC 2021]   'src/time_tables/M_TIME_DIMENSION_MONTH.hdbtable', (STDOUT, APP/TASK/deploy)#

#2.0#2021 12 10 16:42:20.266#Z#DEBUG#com.sap.cloud.lm.sl.xs2.e56d780e-59d7-11ec-831e-eeee0a80066a.db.executeTaskTask#
######org.cloudfoundry.multiapps.controller.persistence.services.ProcessLogger########flowable-async-job-executor-thread-37691###
[PollExecuteTaskStatusExecution] [db] 6406cd01-4087-46ec-bfec-32333c2b7c70 [Fri Dec 10 16:42:11 UTC 2021] added files: [ (STDOUT, APP/TASK/deploy)#

#2.0#2021 12 10 16:42:20.266#Z#DEBUG#com.sap.cloud.lm.sl.xs2.e56d780e-59d7-11ec-831e-eeee0a80066a.db.executeTaskTask#
######org.cloudfoundry.multiapps.controller.persistence.services.ProcessLogger########flowable-async-job-executor-thread-37691###
[PollExecuteTaskStatusExecution] [db] 6406cd01-4087-46ec-bfec-32333c2b7c70 [Fri Dec 10 16:42:11 UTC 2021] Deploying to the container "B2AD55164F1E4528BECF08085603685E"... (STDOUT, APP/TASK/deploy)#

#2.0#2021 12 10 16:42:20.266#Z#DEBUG#com.sap.cloud.lm.sl.xs2.e56d780e-59d7-11ec-831e-eeee0a80066a.db.executeTaskTask#
######org.cloudfoundry.multiapps.controller.persistence.services.ProcessLogger########flowable-async-job-executor-thread-37691###
[PollExecuteTaskStatusExecution] [db] 6406cd01-4087-46ec-bfec-32333c2b7c70 [Fri Dec 10 16:42:11 UTC 2021] 0 files are scheduled for undeploy based on explicit specification (STDOUT, APP/TASK/deploy)#

#2.0#2021 12 10 16:42:20.266#Z#DEBUG#com.sap.cloud.lm.sl.xs2.e56d780e-59d7-11ec-831e-eeee0a80066a.db.executeTaskTask#
######org.cloudfoundry.multiapps.controller.persistence.services.ProcessLogger########flowable-async-job-executor-thread-37691###
[PollExecuteTaskStatusExecution] [db] 6406cd01-4087-46ec-bfec-32333c2b7c70 [Fri Dec 10 16:42:11 UTC 2021] 0 files are scheduled for deploy based on explicit specification (STDOUT, APP/TASK/deploy)#

#2.0#2021 12 10 16:42:20.266#Z#DEBUG#com.sap.cloud.lm.sl.xs2.e56d780e-59d7-11ec-831e-eeee0a80066a.db.executeTaskTask#
######org.cloudfoundry.multiapps.controller.persistence.services.ProcessLogger########flowable-async-job-executor-thread-37691###
[PollExecuteTaskStatusExecution] [db] 6406cd01-4087-46ec-bfec-32333c2b7c70 [Fri Dec 10 16:42:11 UTC 2021] 0 deleted files are scheduled for undeploy based on delta detection (filtered by undeploy allowlist) (STDOUT, APP/TASK/deploy)#

#2.0#2021 12 10 16:42:20.266#Z#DEBUG#com.sap.cloud.lm.sl.xs2.e56d780e-59d7-11ec-831e-eeee0a80066a.db.executeTaskTask#
######org.cloudfoundry.multiapps.controller.persistence.services.ProcessLogger########flowable-async-job-executor-thread-37691###
[PollExecuteTaskStatusExecution] [db] 6406cd01-4087-46ec-bfec-32333c2b7c70 [Fri Dec 10 16:42:11 UTC 2021] 2 modified or added files are scheduled for deploy based on delta detection (STDOUT, APP/TASK/deploy)#

#2.0#2021 12 10 16:42:20.266#Z#DEBUG#com.sap.cloud.lm.sl.xs2.e56d780e-59d7-11ec-831e-eeee0a80066a.db.executeTaskTask#
######org.cloudfoundry.multiapps.controller.persistence.services.ProcessLogger########flowable-async-job-executor-thread-37691###
[PollExecuteTaskStatusExecution] [db] 6406cd01-4087-46ec-bfec-32333c2b7c70 [Fri Dec 10 16:42:11 UTC 2021] deleted files: [] (STDOUT, APP/TASK/deploy)#

#2.0#2021 12 10 16:42:20.266#Z#DEBUG#com.sap.cloud.lm.sl.xs2.e56d780e-59d7-11ec-831e-eeee0a80066a.db.executeTaskTask#
######org.cloudfoundry.multiapps.controller.persistence.services.ProcessLogger########flowable-async-job-executor-thread-37691###
[PollExecuteTaskStatusExecution] [db] 6406cd01-4087-46ec-bfec-32333c2b7c70 [Fri Dec 10 16:42:11 UTC 2021] Undeploy allowlist file "undeploy.json" not found; an empty allowlist is used and no files will be scheduled for undeploy (STDOUT, APP/TASK/deploy)#

#2.0#2021 12 10 16:42:20.267#Z#DEBUG#com.sap.cloud.lm.sl.xs2.e56d780e-59d7-11ec-831e-eeee0a80066a.db.executeTaskTask#
######org.cloudfoundry.multiapps.controller.persistence.services.ProcessLogger########flowable-async-job-executor-thread-37691###
[PollExecuteTaskStatusExecution] [db] 6406cd01-4087-46ec-bfec-32333c2b7c70 [Fri Dec 10 16:42:11 UTC 2021] Polling messages for request id: 269 (STDOUT, APP/TASK/deploy)#

#2.0#2021 12 10 16:42:20.267#Z#DEBUG#com.sap.cloud.lm.sl.xs2.e56d780e-59d7-11ec-831e-eeee0a80066a.db.executeTaskTask#
######org.cloudfoundry.multiapps.controller.persistence.services.ProcessLogger########flowable-async-job-executor-thread-37691###
[PollExecuteTaskStatusExecution] [db] 6406cd01-4087-46ec-bfec-32333c2b7c70 [Fri Dec 10 16:42:11 UTC 2021]    Preparing...  (STDOUT, APP/TASK/deploy)#

#2.0#2021 12 10 16:42:20.267#Z#DEBUG#com.sap.cloud.lm.sl.xs2.e56d780e-59d7-11ec-831e-eeee0a80066a.db.executeTaskTask#
######org.cloudfoundry.multiapps.controller.persistence.services.ProcessLogger########flowable-async-job-executor-thread-37691###
[PollExecuteTaskStatusExecution] [db] 6406cd01-4087-46ec-bfec-32333c2b7c70 [Fri Dec 10 16:42:11 UTC 2021]   Making...  (STDOUT, APP/TASK/deploy)#

#2.0#2021 12 10 16:42:20.267#Z#DEBUG#com.sap.cloud.lm.sl.xs2.e56d780e-59d7-11ec-831e-eeee0a80066a.db.executeTaskTask#
######org.cloudfoundry.multiapps.controller.persistence.services.ProcessLogger########flowable-async-job-executor-thread-37691###
[PollExecuteTaskStatusExecution] [db] 6406cd01-4087-46ec-bfec-32333c2b7c70 [Fri Dec 10 16:42:11 UTC 2021]   Migrating libraries... ok  (0s 33ms) (STDOUT, APP/TASK/deploy)#

#2.0#2021 12 10 16:42:20.267#Z#DEBUG#com.sap.cloud.lm.sl.xs2.e56d780e-59d7-11ec-831e-eeee0a80066a.db.executeTaskTask#
######org.cloudfoundry.multiapps.controller.persistence.services.ProcessLogger########flowable-async-job-executor-thread-37691###
[PollExecuteTaskStatusExecution] [db] 6406cd01-4087-46ec-bfec-32333c2b7c70 [Fri Dec 10 16:42:11 UTC 2021]   Migrating libraries...  (STDOUT, APP/TASK/deploy)#

#2.0#2021 12 10 16:42:20.267#Z#DEBUG#com.sap.cloud.lm.sl.xs2.e56d780e-59d7-11ec-831e-eeee0a80066a.db.executeTaskTask#
######org.cloudfoundry.multiapps.controller.persistence.services.ProcessLogger########flowable-async-job-executor-thread-37691###
[PollExecuteTaskStatusExecution] [db] 6406cd01-4087-46ec-bfec-32333c2b7c70 [Fri Dec 10 16:42:11 UTC 2021]   Disabling table replication for the container schema "B2AD55164F1E4528BECF08085603685E"... ok  (0s 82ms) (STDOUT, APP/TASK/deploy)#

#2.0#2021 12 10 16:42:20.267#Z#DEBUG#com.sap.cloud.lm.sl.xs2.e56d780e-59d7-11ec-831e-eeee0a80066a.db.executeTaskTask#
######org.cloudfoundry.multiapps.controller.persistence.services.ProcessLogger########flowable-async-job-executor-thread-37691###
[PollExecuteTaskStatusExecution] [db] 6406cd01-4087-46ec-bfec-32333c2b7c70 [Fri Dec 10 16:42:11 UTC 2021]   Disabling table replication for the container schema "B2AD55164F1E4528BECF08085603685E"...  (STDOUT, APP/TASK/deploy)#

#2.0#2021 12 10 16:42:20.267#Z#DEBUG#com.sap.cloud.lm.sl.xs2.e56d780e-59d7-11ec-831e-eeee0a80066a.db.executeTaskTask#
######org.cloudfoundry.multiapps.controller.persistence.services.ProcessLogger########flowable-async-job-executor-thread-37691###
[PollExecuteTaskStatusExecution] [db] 6406cd01-4087-46ec-bfec-32333c2b7c70 [Fri Dec 10 16:42:11 UTC 2021]  Starting make in the container "B2AD55164F1E4528BECF08085603685E" with 2 files to deploy, 0 files to undeploy...  (STDOUT, APP/TASK/deploy)#

#2.0#2021 12 10 16:42:20.267#Z#DEBUG#com.sap.cloud.lm.sl.xs2.e56d780e-59d7-11ec-831e-eeee0a80066a.db.executeTaskTask#
######org.cloudfoundry.multiapps.controller.persistence.services.ProcessLogger########flowable-async-job-executor-thread-37691###
[PollExecuteTaskStatusExecution] [db] 6406cd01-4087-46ec-bfec-32333c2b7c70 [Fri Dec 10 16:42:11 UTC 2021]     Deploying "src/time_tables/M_TIME_DIMENSION_MONTH.hdbtable"... ok  (0s 9ms) (STDOUT, APP/TASK/deploy)#

#2.0#2021 12 10 16:42:20.267#Z#DEBUG#com.sap.cloud.lm.sl.xs2.e56d780e-59d7-11ec-831e-eeee0a80066a.db.executeTaskTask#
######org.cloudfoundry.multiapps.controller.persistence.services.ProcessLogger########flowable-async-job-executor-thread-37691###
[PollExecuteTaskStatusExecution] [db] 6406cd01-4087-46ec-bfec-32333c2b7c70 [Fri Dec 10 16:42:11 UTC 2021]     Deploying "src/time_tables/M_TIME_DIMENSION_MONTH.hdbtable"...  (STDOUT, APP/TASK/deploy)#

#2.0#2021 12 10 16:42:20.267#Z#DEBUG#com.sap.cloud.lm.sl.xs2.e56d780e-59d7-11ec-831e-eeee0a80066a.db.executeTaskTask#
######org.cloudfoundry.multiapps.controller.persistence.services.ProcessLogger########flowable-async-job-executor-thread-37691###
[PollExecuteTaskStatusExecution] [db] 6406cd01-4087-46ec-bfec-32333c2b7c70 [Fri Dec 10 16:42:11 UTC 2021]    Processing work list...  (STDOUT, APP/TASK/deploy)#

#2.0#2021 12 10 16:42:20.267#Z#DEBUG#com.sap.cloud.lm.sl.xs2.e56d780e-59d7-11ec-831e-eeee0a80066a.db.executeTaskTask#
######org.cloudfoundry.multiapps.controller.persistence.services.ProcessLogger########flowable-async-job-executor-thread-37691###
[PollExecuteTaskStatusExecution] [db] 6406cd01-4087-46ec-bfec-32333c2b7c70 [Fri Dec 10 16:42:11 UTC 2021]    Calculating dependencies... ok  (0s 176ms) (STDOUT, APP/TASK/deploy)#

#2.0#2021 12 10 16:42:20.267#Z#DEBUG#com.sap.cloud.lm.sl.xs2.e56d780e-59d7-11ec-831e-eeee0a80066a.db.executeTaskTask#
######org.cloudfoundry.multiapps.controller.persistence.services.ProcessLogger########flowable-async-job-executor-thread-37691###
[PollExecuteTaskStatusExecution] [db] 6406cd01-4087-46ec-bfec-32333c2b7c70 [Fri Dec 10 16:42:11 UTC 2021]     Merging... ok  (0s 34ms) (STDOUT, APP/TASK/deploy)#

#2.0#2021 12 10 16:42:20.267#Z#DEBUG#com.sap.cloud.lm.sl.xs2.e56d780e-59d7-11ec-831e-eeee0a80066a.db.executeTaskTask#
######org.cloudfoundry.multiapps.controller.persistence.services.ProcessLogger########flowable-async-job-executor-thread-37691###
[PollExecuteTaskStatusExecution] [db] 6406cd01-4087-46ec-bfec-32333c2b7c70 [Fri Dec 10 16:42:11 UTC 2021]     Merging...  (STDOUT, APP/TASK/deploy)#

#2.0#2021 12 10 16:42:20.267#Z#DEBUG#com.sap.cloud.lm.sl.xs2.e56d780e-59d7-11ec-831e-eeee0a80066a.db.executeTaskTask#
######org.cloudfoundry.multiapps.controller.persistence.services.ProcessLogger########flowable-async-job-executor-thread-37691###
[PollExecuteTaskStatusExecution] [db] 6406cd01-4087-46ec-bfec-32333c2b7c70 [Fri Dec 10 16:42:11 UTC 2021]     Precompiling... ok  (0s 17ms) (STDOUT, APP/TASK/deploy)#

#2.0#2021 12 10 16:42:20.267#Z#DEBUG#com.sap.cloud.lm.sl.xs2.e56d780e-59d7-11ec-831e-eeee0a80066a.db.executeTaskTask#
######org.cloudfoundry.multiapps.controller.persistence.services.ProcessLogger########flowable-async-job-executor-thread-37691###
[PollExecuteTaskStatusExecution] [db] 6406cd01-4087-46ec-bfec-32333c2b7c70 [Fri Dec 10 16:42:11 UTC 2021]      Precompiling "src/time_tables/M_TIME_DIMENSION_YEAR.hdbtable"... ok  (0s 6ms) (STDOUT, APP/TASK/deploy)#

#2.0#2021 12 10 16:42:20.267#Z#DEBUG#com.sap.cloud.lm.sl.xs2.e56d780e-59d7-11ec-831e-eeee0a80066a.db.executeTaskTask#
######org.cloudfoundry.multiapps.controller.persistence.services.ProcessLogger########flowable-async-job-executor-thread-37691###
[PollExecuteTaskStatusExecution] [db] 6406cd01-4087-46ec-bfec-32333c2b7c70 [Fri Dec 10 16:42:11 UTC 2021]      Precompiling "src/time_tables/M_TIME_DIMENSION_MONTH.hdbtable"... ok  (0s 6ms) (STDOUT, APP/TASK/deploy)#

#2.0#2021 12 10 16:42:20.267#Z#DEBUG#com.sap.cloud.lm.sl.xs2.e56d780e-59d7-11ec-831e-eeee0a80066a.db.executeTaskTask#
######org.cloudfoundry.multiapps.controller.persistence.services.ProcessLogger########flowable-async-job-executor-thread-37691###
[PollExecuteTaskStatusExecution] [db] 6406cd01-4087-46ec-bfec-32333c2b7c70 [Fri Dec 10 16:42:11 UTC 2021]      Precompiling "src/time_tables/M_TIME_DIMENSION_YEAR.hdbtable"...  (STDOUT, APP/TASK/deploy)#

#2.0#2021 12 10 16:42:20.267#Z#DEBUG#com.sap.cloud.lm.sl.xs2.e56d780e-59d7-11ec-831e-eeee0a80066a.db.executeTaskTask#
######org.cloudfoundry.multiapps.controller.persistence.services.ProcessLogger########flowable-async-job-executor-thread-37691###
[PollExecuteTaskStatusExecution] [db] 6406cd01-4087-46ec-bfec-32333c2b7c70 [Fri Dec 10 16:42:11 UTC 2021]      Precompiling "src/time_tables/M_TIME_DIMENSION_MONTH.hdbtable"...  (STDOUT, APP/TASK/deploy)#

#2.0#2021 12 10 16:42:20.267#Z#DEBUG#com.sap.cloud.lm.sl.xs2.e56d780e-59d7-11ec-831e-eeee0a80066a.db.executeTaskTask#
######org.cloudfoundry.multiapps.controller.persistence.services.ProcessLogger########flowable-async-job-executor-thread-37691###
[PollExecuteTaskStatusExecution] [db] 6406cd01-4087-46ec-bfec-32333c2b7c70 [Fri Dec 10 16:42:11 UTC 2021]     Precompiling...  (STDOUT, APP/TASK/deploy)#

#2.0#2021 12 10 16:42:20.267#Z#DEBUG#com.sap.cloud.lm.sl.xs2.e56d780e-59d7-11ec-831e-eeee0a80066a.db.executeTaskTask#
######org.cloudfoundry.multiapps.controller.persistence.services.ProcessLogger########flowable-async-job-executor-thread-37691###
[PollExecuteTaskStatusExecution] [db] 6406cd01-4087-46ec-bfec-32333c2b7c70 [Fri Dec 10 16:42:11 UTC 2021]     Expanding... ok  (0s 64ms) (STDOUT, APP/TASK/deploy)#

#2.0#2021 12 10 16:42:20.267#Z#DEBUG#com.sap.cloud.lm.sl.xs2.e56d780e-59d7-11ec-831e-eeee0a80066a.db.executeTaskTask#
######org.cloudfoundry.multiapps.controller.persistence.services.ProcessLogger########flowable-async-job-executor-thread-37691###
[PollExecuteTaskStatusExecution] [db] 6406cd01-4087-46ec-bfec-32333c2b7c70 [Fri Dec 10 16:42:11 UTC 2021]      Expanding "src/time_tables/M_TIME_DIMENSION_YEAR.hdbtable"... ok  (0s 5ms) (STDOUT, APP/TASK/deploy)#

#2.0#2021 12 10 16:42:20.267#Z#DEBUG#com.sap.cloud.lm.sl.xs2.e56d780e-59d7-11ec-831e-eeee0a80066a.db.executeTaskTask#
######org.cloudfoundry.multiapps.controller.persistence.services.ProcessLogger########flowable-async-job-executor-thread-37691###
[PollExecuteTaskStatusExecution] [db] 6406cd01-4087-46ec-bfec-32333c2b7c70 [Fri Dec 10 16:42:11 UTC 2021]      Expanding "src/time_tables/M_TIME_DIMENSION_MONTH.hdbtable"... ok  (0s 6ms) (STDOUT, APP/TASK/deploy)#

#2.0#2021 12 10 16:42:20.267#Z#DEBUG#com.sap.cloud.lm.sl.xs2.e56d780e-59d7-11ec-831e-eeee0a80066a.db.executeTaskTask#
######org.cloudfoundry.multiapps.controller.persistence.services.ProcessLogger########flowable-async-job-executor-thread-37691###
[PollExecuteTaskStatusExecution] [db] 6406cd01-4087-46ec-bfec-32333c2b7c70 [Fri Dec 10 16:42:11 UTC 2021]      Expanding "src/time_tables/M_TIME_DIMENSION_YEAR.hdbtable"...  (STDOUT, APP/TASK/deploy)#

#2.0#2021 12 10 16:42:20.267#Z#DEBUG#com.sap.cloud.lm.sl.xs2.e56d780e-59d7-11ec-831e-eeee0a80066a.db.executeTaskTask#
######org.cloudfoundry.multiapps.controller.persistence.services.ProcessLogger########flowable-async-job-executor-thread-37691###
[PollExecuteTaskStatusExecution] [db] 6406cd01-4087-46ec-bfec-32333c2b7c70 [Fri Dec 10 16:42:11 UTC 2021]      Expanding "src/time_tables/M_TIME_DIMENSION_MONTH.hdbtable"...  (STDOUT, APP/TASK/deploy)#

#2.0#2021 12 10 16:42:20.267#Z#DEBUG#com.sap.cloud.lm.sl.xs2.e56d780e-59d7-11ec-831e-eeee0a80066a.db.executeTaskTask#
######org.cloudfoundry.multiapps.controller.persistence.services.ProcessLogger########flowable-async-job-executor-thread-37691###
[PollExecuteTaskStatusExecution] [db] 6406cd01-4087-46ec-bfec-32333c2b7c70 [Fri Dec 10 16:42:11 UTC 2021]     Expanding...  (STDOUT, APP/TASK/deploy)#

#2.0#2021 12 10 16:42:20.267#Z#DEBUG#com.sap.cloud.lm.sl.xs2.e56d780e-59d7-11ec-831e-eeee0a80066a.db.executeTaskTask#
######org.cloudfoundry.multiapps.controller.persistence.services.ProcessLogger########flowable-async-job-executor-thread-37691###
[PollExecuteTaskStatusExecution] [db] 6406cd01-4087-46ec-bfec-32333c2b7c70 [Fri Dec 10 16:42:11 UTC 2021]    Calculating dependencies...  (STDOUT, APP/TASK/deploy)#

#2.0#2021 12 10 16:42:20.267#Z#DEBUG#com.sap.cloud.lm.sl.xs2.e56d780e-59d7-11ec-831e-eeee0a80066a.db.executeTaskTask#
######org.cloudfoundry.multiapps.controller.persistence.services.ProcessLogger########flowable-async-job-executor-thread-37691###
[PollExecuteTaskStatusExecution] [db] 6406cd01-4087-46ec-bfec-32333c2b7c70 [Fri Dec 10 16:42:11 UTC 2021]    Preparing the make transaction... ok  (0s 100ms) (STDOUT, APP/TASK/deploy)#

#2.0#2021 12 10 16:42:20.267#Z#DEBUG#com.sap.cloud.lm.sl.xs2.e56d780e-59d7-11ec-831e-eeee0a80066a.db.executeTaskTask#
######org.cloudfoundry.multiapps.controller.persistence.services.ProcessLogger########flowable-async-job-executor-thread-37691###
[PollExecuteTaskStatusExecution] [db] 6406cd01-4087-46ec-bfec-32333c2b7c70 [Fri Dec 10 16:42:11 UTC 2021]    Preparing... ok  (0s 70ms) (STDOUT, APP/TASK/deploy)#

#2.0#2021 12 10 16:42:20.267#Z#DEBUG#com.sap.cloud.lm.sl.xs2.e56d780e-59d7-11ec-831e-eeee0a80066a.db.executeTaskTask#
######org.cloudfoundry.multiapps.controller.persistence.services.ProcessLogger########flowable-async-job-executor-thread-37691###
[PollExecuteTaskStatusExecution] [db] 6406cd01-4087-46ec-bfec-32333c2b7c70 [Fri Dec 10 16:42:11 UTC 2021]    Adding "src/time_tables/M_TIME_DIMENSION_YEAR.hdbtable" for deploy... ok  (0s 0ms) (STDOUT, APP/TASK/deploy)#

#2.0#2021 12 10 16:42:20.267#Z#DEBUG#com.sap.cloud.lm.sl.xs2.e56d780e-59d7-11ec-831e-eeee0a80066a.db.executeTaskTask#
######org.cloudfoundry.multiapps.controller.persistence.services.ProcessLogger########flowable-async-job-executor-thread-37691###
[PollExecuteTaskStatusExecution] [db] 6406cd01-4087-46ec-bfec-32333c2b7c70 [Fri Dec 10 16:42:11 UTC 2021]    Adding "src/time_tables/M_TIME_DIMENSION_YEAR.hdbtable" for deploy...  (STDOUT, APP/TASK/deploy)#

#2.0#2021 12 10 16:42:20.267#Z#DEBUG#com.sap.cloud.lm.sl.xs2.e56d780e-59d7-11ec-831e-eeee0a80066a.db.executeTaskTask#
######org.cloudfoundry.multiapps.controller.persistence.services.ProcessLogger########flowable-async-job-executor-thread-37691###
[PollExecuteTaskStatusExecution] [db] 6406cd01-4087-46ec-bfec-32333c2b7c70 [Fri Dec 10 16:42:11 UTC 2021]    Adding "src/time_tables/M_TIME_DIMENSION_MONTH.hdbtable" for deploy... ok  (0s 40ms) (STDOUT, APP/TASK/deploy)#

#2.0#2021 12 10 16:42:20.267#Z#DEBUG#com.sap.cloud.lm.sl.xs2.e56d780e-59d7-11ec-831e-eeee0a80066a.db.executeTaskTask#
######org.cloudfoundry.multiapps.controller.persistence.services.ProcessLogger########flowable-async-job-executor-thread-37691###
[PollExecuteTaskStatusExecution] [db] 6406cd01-4087-46ec-bfec-32333c2b7c70 [Fri Dec 10 16:42:11 UTC 2021]    Adding "src/time_tables/M_TIME_DIMENSION_MONTH.hdbtable" for deploy...  (STDOUT, APP/TASK/deploy)#

#2.0#2021 12 10 16:42:20.267#Z#DEBUG#com.sap.cloud.lm.sl.xs2.e56d780e-59d7-11ec-831e-eeee0a80066a.db.executeTaskTask#
######org.cloudfoundry.multiapps.controller.persistence.services.ProcessLogger########flowable-async-job-executor-thread-37691###
[PollExecuteTaskStatusExecution] [db] 6406cd01-4087-46ec-bfec-32333c2b7c70 [Fri Dec 10 16:42:11 UTC 2021]    Preparing the make transaction...  (STDOUT, APP/TASK/deploy)#

#2.0#2021 12 10 16:42:20.267#Z#DEBUG#com.sap.cloud.lm.sl.xs2.e56d780e-59d7-11ec-831e-eeee0a80066a.db.executeTaskTask#
######org.cloudfoundry.multiapps.controller.persistence.services.ProcessLogger########flowable-async-job-executor-thread-37691###
[PollExecuteTaskStatusExecution] [db] 6406cd01-4087-46ec-bfec-32333c2b7c70 [Fri Dec 10 16:42:11 UTC 2021]    Processing work list... ok  (0s 27ms) (STDOUT, APP/TASK/deploy)#

#2.0#2021 12 10 16:42:20.267#Z#DEBUG#com.sap.cloud.lm.sl.xs2.e56d780e-59d7-11ec-831e-eeee0a80066a.db.executeTaskTask#
######org.cloudfoundry.multiapps.controller.persistence.services.ProcessLogger########flowable-async-job-executor-thread-37691###
[PollExecuteTaskStatusExecution] [db] 6406cd01-4087-46ec-bfec-32333c2b7c70 [Fri Dec 10 16:42:11 UTC 2021]     Deploying "src/time_tables/M_TIME_DIMENSION_YEAR.hdbtable"... ok  (0s 6ms) (STDOUT, APP/TASK/deploy)#

#2.0#2021 12 10 16:42:20.267#Z#DEBUG#com.sap.cloud.lm.sl.xs2.e56d780e-59d7-11ec-831e-eeee0a80066a.db.executeTaskTask#
######org.cloudfoundry.multiapps.controller.persistence.services.ProcessLogger########flowable-async-job-executor-thread-37691###
[PollExecuteTaskStatusExecution] [db] 6406cd01-4087-46ec-bfec-32333c2b7c70 [Fri Dec 10 16:42:11 UTC 2021]     Deploying "src/time_tables/M_TIME_DIMENSION_YEAR.hdbtable"...  (STDOUT, APP/TASK/deploy)#

#2.0#2021 12 10 16:42:20.267#Z#DEBUG#com.sap.cloud.lm.sl.xs2.e56d780e-59d7-11ec-831e-eeee0a80066a.db.executeTaskTask#
######org.cloudfoundry.multiapps.controller.persistence.services.ProcessLogger########flowable-async-job-executor-thread-37691###
[PollExecuteTaskStatusExecution] [db] 6406cd01-4087-46ec-bfec-32333c2b7c70 [Fri Dec 10 16:42:12 UTC 2021]    Postprocessing deployed files...  (STDOUT, APP/TASK/deploy)#

#2.0#2021 12 10 16:42:20.267#Z#DEBUG#com.sap.cloud.lm.sl.xs2.e56d780e-59d7-11ec-831e-eeee0a80066a.db.executeTaskTask#
######org.cloudfoundry.multiapps.controller.persistence.services.ProcessLogger########flowable-async-job-executor-thread-37691###
[PollExecuteTaskStatusExecution] [db] 6406cd01-4087-46ec-bfec-32333c2b7c70 [Fri Dec 10 16:42:12 UTC 2021] Deploying to the container "B2AD55164F1E4528BECF08085603685E"... ok (0s 951ms) (STDOUT, APP/TASK/deploy)#

#2.0#2021 12 10 16:42:20.267#Z#DEBUG#com.sap.cloud.lm.sl.xs2.e56d780e-59d7-11ec-831e-eeee0a80066a.db.executeTaskTask#
######org.cloudfoundry.multiapps.controller.persistence.services.ProcessLogger########flowable-async-job-executor-thread-37691###
[PollExecuteTaskStatusExecution] [db] 6406cd01-4087-46ec-bfec-32333c2b7c70 [Fri Dec 10 16:42:12 UTC 2021]  Starting make in the container "B2AD55164F1E4528BECF08085603685E" with 2 files to deploy, 0 files to undeploy... ok  (0s 703ms) (STDOUT, APP/TASK/deploy)#

#2.0#2021 12 10 16:42:20.267#Z#DEBUG#com.sap.cloud.lm.sl.xs2.e56d780e-59d7-11ec-831e-eeee0a80066a.db.executeTaskTask#
######org.cloudfoundry.multiapps.controller.persistence.services.ProcessLogger########flowable-async-job-executor-thread-37691###
[PollExecuteTaskStatusExecution] [db] 6406cd01-4087-46ec-bfec-32333c2b7c70 [Fri Dec 10 16:42:12 UTC 2021]   Enabling table replication for the container schema "B2AD55164F1E4528BECF08085603685E"... ok  (0s 79ms) (STDOUT, APP/TASK/deploy)#

#2.0#2021 12 10 16:42:20.267#Z#DEBUG#com.sap.cloud.lm.sl.xs2.e56d780e-59d7-11ec-831e-eeee0a80066a.db.executeTaskTask#
######org.cloudfoundry.multiapps.controller.persistence.services.ProcessLogger########flowable-async-job-executor-thread-37691###
[PollExecuteTaskStatusExecution] [db] 6406cd01-4087-46ec-bfec-32333c2b7c70 [Fri Dec 10 16:42:12 UTC 2021]   Enabling table replication for the container schema "B2AD55164F1E4528BECF08085603685E"...  (STDOUT, APP/TASK/deploy)#

#2.0#2021 12 10 16:42:20.268#Z#DEBUG#com.sap.cloud.lm.sl.xs2.e56d780e-59d7-11ec-831e-eeee0a80066a.db.executeTaskTask#
######org.cloudfoundry.multiapps.controller.persistence.services.ProcessLogger########flowable-async-job-executor-thread-37691###
[PollExecuteTaskStatusExecution] [db] 6406cd01-4087-46ec-bfec-32333c2b7c70 [Fri Dec 10 16:42:12 UTC 2021]   Making... ok  (0s 498ms) (STDOUT, APP/TASK/deploy)#

#2.0#2021 12 10 16:42:20.268#Z#DEBUG#com.sap.cloud.lm.sl.xs2.e56d780e-59d7-11ec-831e-eeee0a80066a.db.executeTaskTask#
######org.cloudfoundry.multiapps.controller.persistence.services.ProcessLogger########flowable-async-job-executor-thread-37691###
[PollExecuteTaskStatusExecution] [db] 6406cd01-4087-46ec-bfec-32333c2b7c70 [Fri Dec 10 16:42:12 UTC 2021]    Make succeeded (0 warnings): 2 files deployed (effective 2), 0 files undeployed (effective 0), 0 dependent files redeployed  (STDOUT, APP/TASK/deploy)#

#2.0#2021 12 10 16:42:20.268#Z#DEBUG#com.sap.cloud.lm.sl.xs2.e56d780e-59d7-11ec-831e-eeee0a80066a.db.executeTaskTask#
######org.cloudfoundry.multiapps.controller.persistence.services.ProcessLogger########flowable-async-job-executor-thread-37691###
[PollExecuteTaskStatusExecution] [db] 6406cd01-4087-46ec-bfec-32333c2b7c70 [Fri Dec 10 16:42:12 UTC 2021]    Finalizing... ok  (0s 34ms) (STDOUT, APP/TASK/deploy)#

#2.0#2021 12 10 16:42:20.268#Z#DEBUG#com.sap.cloud.lm.sl.xs2.e56d780e-59d7-11ec-831e-eeee0a80066a.db.executeTaskTask#
######org.cloudfoundry.multiapps.controller.persistence.services.ProcessLogger########flowable-async-job-executor-thread-37691###
[PollExecuteTaskStatusExecution] [db] 6406cd01-4087-46ec-bfec-32333c2b7c70 [Fri Dec 10 16:42:12 UTC 2021]    Finalizing...  (STDOUT, APP/TASK/deploy)#

#2.0#2021 12 10 16:42:20.268#Z#DEBUG#com.sap.cloud.lm.sl.xs2.e56d780e-59d7-11ec-831e-eeee0a80066a.db.executeTaskTask#
######org.cloudfoundry.multiapps.controller.persistence.services.ProcessLogger########flowable-async-job-executor-thread-37691###
[PollExecuteTaskStatusExecution] [db] 6406cd01-4087-46ec-bfec-32333c2b7c70 [Fri Dec 10 16:42:12 UTC 2021]    Postprocessing deployed files... ok  (0s 12ms) (STDOUT, APP/TASK/deploy)#

#2.0#2021 12 10 16:42:20.268#Z#DEBUG#com.sap.cloud.lm.sl.xs2.e56d780e-59d7-11ec-831e-eeee0a80066a.db.executeTaskTask#
######org.cloudfoundry.multiapps.controller.persistence.services.ProcessLogger########flowable-async-job-executor-thread-37691###
[PollExecuteTaskStatusExecution] [db] 6406cd01-4087-46ec-bfec-32333c2b7c70 [Fri Dec 10 16:42:12 UTC 2021]     Postprocessing "src/defaults/default_access_role.hdbrole"... ok  (0s 0ms) (STDOUT, APP/TASK/deploy)#

#2.0#2021 12 10 16:42:20.268#Z#DEBUG#com.sap.cloud.lm.sl.xs2.e56d780e-59d7-11ec-831e-eeee0a80066a.db.executeTaskTask#
######org.cloudfoundry.multiapps.controller.persistence.services.ProcessLogger########flowable-async-job-executor-thread-37691###
[PollExecuteTaskStatusExecution] [db] 6406cd01-4087-46ec-bfec-32333c2b7c70 [Fri Dec 10 16:42:12 UTC 2021]     Postprocessing "src/defaults/default_access_role.hdbrole"...  (STDOUT, APP/TASK/deploy)#

#2.0#2021 12 10 16:42:20.268#Z#DEBUG#com.sap.cloud.lm.sl.xs2.e56d780e-59d7-11ec-831e-eeee0a80066a.db.executeTaskTask#
######org.cloudfoundry.multiapps.controller.persistence.services.ProcessLogger########flowable-async-job-executor-thread-37691###
[PollExecuteTaskStatusExecution] [db] 6406cd01-4087-46ec-bfec-32333c2b7c70 [Fri Dec 10 16:42:12 UTC 2021]     Postprocessing "src/defaults/alter_access_role.hdbrole"... ok  (0s 0ms) (STDOUT, APP/TASK/deploy)#

#2.0#2021 12 10 16:42:20.268#Z#DEBUG#com.sap.cloud.lm.sl.xs2.e56d780e-59d7-11ec-831e-eeee0a80066a.db.executeTaskTask#
######org.cloudfoundry.multiapps.controller.persistence.services.ProcessLogger########flowable-async-job-executor-thread-37691###
[PollExecuteTaskStatusExecution] [db] 6406cd01-4087-46ec-bfec-32333c2b7c70 [Fri Dec 10 16:42:12 UTC 2021]     Postprocessing "src/defaults/alter_access_role.hdbrole"...  (STDOUT, APP/TASK/deploy)#

#2.0#2021 12 10 16:42:20.268#Z#DEBUG#com.sap.cloud.lm.sl.xs2.e56d780e-59d7-11ec-831e-eeee0a80066a.db.executeTaskTask#
######org.cloudfoundry.multiapps.controller.persistence.services.ProcessLogger########flowable-async-job-executor-thread-37691###
[PollExecuteTaskStatusExecution] [db] 6406cd01-4087-46ec-bfec-32333c2b7c70 [Fri Dec 10 16:42:12 UTC 2021] Deployment to container B2AD55164F1E4528BECF08085603685E done [Deployment ID: none]. (STDOUT, APP/TASK/deploy)#

#2.0#2021 12 10 16:42:20.268#Z#DEBUG#com.sap.cloud.lm.sl.xs2.e56d780e-59d7-11ec-831e-eeee0a80066a.db.executeTaskTask#
######org.cloudfoundry.multiapps.controller.persistence.services.ProcessLogger########flowable-async-job-executor-thread-37691###
[PollExecuteTaskStatusExecution] [db] 6406cd01-4087-46ec-bfec-32333c2b7c70 [Fri Dec 10 16:42:12 UTC 2021] Unlocking the container "B2AD55164F1E4528BECF08085603685E"... ok (0s 0ms) (STDOUT, APP/TASK/deploy)#

#2.0#2021 12 10 16:42:20.268#Z#DEBUG#com.sap.cloud.lm.sl.xs2.e56d780e-59d7-11ec-831e-eeee0a80066a.db.executeTaskTask#
######org.cloudfoundry.multiapps.controller.persistence.services.ProcessLogger########flowable-async-job-executor-thread-37691###
[PollExecuteTaskStatusExecution] [db] 6406cd01-4087-46ec-bfec-32333c2b7c70 [Fri Dec 10 16:42:12 UTC 2021] Unlocking the container "B2AD55164F1E4528BECF08085603685E"... (STDOUT, APP/TASK/deploy)#

#2.0#2021 12 10 16:42:20.268#Z#DEBUG#com.sap.cloud.lm.sl.xs2.e56d780e-59d7-11ec-831e-eeee0a80066a.db.executeTaskTask#
######org.cloudfoundry.multiapps.controller.persistence.services.ProcessLogger########flowable-async-job-executor-thread-37691###
[PollExecuteTaskStatusExecution] [db] 6406cd01-4087-46ec-bfec-32333c2b7c70 [Fri Dec 10 16:42:12 UTC 2021] No default-access-role handling needed; global role "B2AD55164F1E4528BECF08085603685E::access_role" will not be adapted (STDOUT, APP/TASK/deploy)#

#2.0#2021 12 10 16:42:20.268#Z#DEBUG#com.sap.cloud.lm.sl.xs2.e56d780e-59d7-11ec-831e-eeee0a80066a.db.executeTaskTask#
######org.cloudfoundry.multiapps.controller.persistence.services.ProcessLogger########flowable-async-job-executor-thread-37691###
[PollExecuteTaskStatusExecution] [db] 6406cd01-4087-46ec-bfec-32333c2b7c70 [Fri Dec 10 16:42:12 UTC 2021] Deployment ended at 2021-12-10 16:42:12 (STDOUT, APP/TASK/deploy)#

#2.0#2021 12 10 16:42:20.268#Z#DEBUG#com.sap.cloud.lm.sl.xs2.e56d780e-59d7-11ec-831e-eeee0a80066a.db.executeTaskTask#
######org.cloudfoundry.multiapps.controller.persistence.services.ProcessLogger########flowable-async-job-executor-thread-37691###
[PollExecuteTaskStatusExecution] [db] 6406cd01-4087-46ec-bfec-32333c2b7c70 [Fri Dec 10 16:42:12 UTC 2021] (3s 581ms) (STDOUT, APP/TASK/deploy)#

#2.0#2021 12 10 16:42:20.268#Z#DEBUG#com.sap.cloud.lm.sl.xs2.e56d780e-59d7-11ec-831e-eeee0a80066a.db.executeTaskTask#
######org.cloudfoundry.multiapps.controller.persistence.services.ProcessLogger########flowable-async-job-executor-thread-37691###
[PollExecuteTaskStatusExecution] [db] 6406cd01-4087-46ec-bfec-32333c2b7c70 [Fri Dec 10 16:42:12 UTC 2021] npm notice  (STDERR, APP/TASK/deploy)#

#2.0#2021 12 10 16:42:20.268#Z#DEBUG#com.sap.cloud.lm.sl.xs2.e56d780e-59d7-11ec-831e-eeee0a80066a.db.executeTaskTask#
######org.cloudfoundry.multiapps.controller.persistence.services.ProcessLogger########flowable-async-job-executor-thread-37691###
[PollExecuteTaskStatusExecution] [db] 6406cd01-4087-46ec-bfec-32333c2b7c70 [Fri Dec 10 16:42:12 UTC 2021] npm notice Run `npm install -g npm@8.3.0` to update! (STDERR, APP/TASK/deploy)#

#2.0#2021 12 10 16:42:20.268#Z#DEBUG#com.sap.cloud.lm.sl.xs2.e56d780e-59d7-11ec-831e-eeee0a80066a.db.executeTaskTask#
######org.cloudfoundry.multiapps.controller.persistence.services.ProcessLogger########flowable-async-job-executor-thread-37691###
[PollExecuteTaskStatusExecution] [db] 6406cd01-4087-46ec-bfec-32333c2b7c70 [Fri Dec 10 16:42:12 UTC 2021] npm notice Changelog: <https://github.com/npm/cli/releases/tag/v8.3.0> (STDERR, APP/TASK/deploy)#

#2.0#2021 12 10 16:42:20.268#Z#DEBUG#com.sap.cloud.lm.sl.xs2.e56d780e-59d7-11ec-831e-eeee0a80066a.db.executeTaskTask#
######org.cloudfoundry.multiapps.controller.persistence.services.ProcessLogger########flowable-async-job-executor-thread-37691###
[PollExecuteTaskStatusExecution] [db] 6406cd01-4087-46ec-bfec-32333c2b7c70 [Fri Dec 10 16:42:12 UTC 2021] npm notice New minor version of npm available! 8.0.0 -> 8.3.0 (STDERR, APP/TASK/deploy)#

#2.0#2021 12 10 16:42:20.268#Z#DEBUG#com.sap.cloud.lm.sl.xs2.e56d780e-59d7-11ec-831e-eeee0a80066a.db.executeTaskTask#
######org.cloudfoundry.multiapps.controller.persistence.services.ProcessLogger########flowable-async-job-executor-thread-37691###
[PollExecuteTaskStatusExecution] [db] 6406cd01-4087-46ec-bfec-32333c2b7c70 [Fri Dec 10 16:42:12 UTC 2021] npm notice  (STDERR, APP/TASK/deploy)#

#2.0#2021 12 10 16:42:20.268#Z#DEBUG#com.sap.cloud.lm.sl.xs2.e56d780e-59d7-11ec-831e-eeee0a80066a.db.executeTaskTask#
######org.cloudfoundry.multiapps.controller.persistence.services.ProcessLogger########flowable-async-job-executor-thread-37691###
[PollExecuteTaskStatusExecution] [db] 6406cd01-4087-46ec-bfec-32333c2b7c70 [Fri Dec 10 16:42:12 UTC 2021] Exit status 0 (STDOUT, APP/TASK/deploy)#

#2.0#2021 12 10 16:42:20.268#Z#DEBUG#com.sap.cloud.lm.sl.xs2.e56d780e-59d7-11ec-831e-eeee0a80066a.db.executeTaskTask#
######org.cloudfoundry.multiapps.controller.persistence.services.ProcessLogger########flowable-async-job-executor-thread-37691###
[PollExecuteTaskStatusExecution] [db] 6406cd01-4087-46ec-bfec-32333c2b7c70 [Fri Dec 10 16:42:12 UTC 2021] Cell 0a65d6c9-fe8f-4fe6-b872-33ffeffb5b4d destroying container for instance 937ec618-2fb3-4262-84ac-f19cf922d68a (STDOUT, CELL)#

#2.0#2021 12 10 16:42:20.268#Z#DEBUG#com.sap.cloud.lm.sl.xs2.e56d780e-59d7-11ec-831e-eeee0a80066a.db.executeTaskTask#
######org.cloudfoundry.multiapps.controller.persistence.services.ProcessLogger########flowable-async-job-executor-thread-37691###
[PollExecuteTaskStatusExecution] [db] 6406cd01-4087-46ec-bfec-32333c2b7c70 [Fri Dec 10 16:42:12 UTC 2021] Cell 0a65d6c9-fe8f-4fe6-b872-33ffeffb5b4d stopping instance 937ec618-2fb3-4262-84ac-f19cf922d68a (STDOUT, CELL)#

#2.0#2021 12 10 16:42:20.268#Z#DEBUG#com.sap.cloud.lm.sl.xs2.e56d780e-59d7-11ec-831e-eeee0a80066a.db.executeTaskTask#
######org.cloudfoundry.multiapps.controller.persistence.services.ProcessLogger########flowable-async-job-executor-thread-37691###
[PollExecuteTaskStatusExecution] [db] 6406cd01-4087-46ec-bfec-32333c2b7c70 [Fri Dec 10 16:42:16 UTC 2021] Cell 0a65d6c9-fe8f-4fe6-b872-33ffeffb5b4d successfully destroyed container for instance 937ec618-2fb3-4262-84ac-f19cf922d68a (STDOUT, CELL)#

